0 info it worked if it ends with ok
1 verbose cli [ 'node', '/usr/local/bin/npm', 'install', 'gitty' ]
2 info using npm@1.4.21
3 info using node@v0.10.29
4 warn package.json node-util@0.0.1 No repository field.
5 warn package.json node-util@0.0.1 No README data
6 verbose readDependencies using package.json deps
7 verbose cache add [ 'gitty', null ]
8 verbose cache add name=undefined spec="gitty" args=["gitty",null]
9 verbose parsed url { protocol: null,
9 verbose parsed url   slashes: null,
9 verbose parsed url   auth: null,
9 verbose parsed url   host: null,
9 verbose parsed url   port: null,
9 verbose parsed url   hostname: null,
9 verbose parsed url   hash: null,
9 verbose parsed url   search: null,
9 verbose parsed url   query: null,
9 verbose parsed url   pathname: 'gitty',
9 verbose parsed url   path: 'gitty',
9 verbose parsed url   href: 'gitty' }
10 silly lockFile c9d9924d-gitty gitty
11 verbose lock gitty /Users/alpha/.npm/c9d9924d-gitty.lock
12 silly lockFile c9d9924d-gitty gitty
13 silly lockFile c9d9924d-gitty gitty
14 verbose addNamed [ 'gitty', '' ]
15 verbose addNamed [ null, '*' ]
16 silly lockFile 9996b6b0-gitty gitty@
17 verbose lock gitty@ /Users/alpha/.npm/9996b6b0-gitty.lock
18 silly addNameRange { name: 'gitty', range: '*', hasData: false }
19 silly addNameRange number 2 { name: 'gitty', range: '*', hasData: true }
20 silly addNameRange versions [ 'gitty',
20 silly addNameRange   [ '0.0.1',
20 silly addNameRange     '1.1.0',
20 silly addNameRange     '1.1.2',
20 silly addNameRange     '1.1.3',
20 silly addNameRange     '1.1.4',
20 silly addNameRange     '1.1.5',
20 silly addNameRange     '1.1.6',
20 silly addNameRange     '1.2.0',
20 silly addNameRange     '1.2.1',
20 silly addNameRange     '1.2.2',
20 silly addNameRange     '1.2.3',
20 silly addNameRange     '1.2.4',
20 silly addNameRange     '1.2.5',
20 silly addNameRange     '1.2.6',
20 silly addNameRange     '2.0.0',
20 silly addNameRange     '2.1.0',
20 silly addNameRange     '2.1.2' ] ]
21 verbose addNamed [ 'gitty', '2.1.2' ]
22 verbose addNamed [ '2.1.2', '2.1.2' ]
23 silly lockFile afe29320-gitty-2-1-2 gitty@2.1.2
24 verbose lock gitty@2.1.2 /Users/alpha/.npm/afe29320-gitty-2-1-2.lock
25 silly lockFile afe29320-gitty-2-1-2 gitty@2.1.2
26 silly lockFile afe29320-gitty-2-1-2 gitty@2.1.2
27 silly lockFile 9996b6b0-gitty gitty@
28 silly lockFile 9996b6b0-gitty gitty@
29 silly resolved [ { name: 'gitty',
29 silly resolved     version: '2.1.2',
29 silly resolved     description: 'A Node.js wrapper for the Git CLI',
29 silly resolved     main: 'index',
29 silly resolved     dependencies: { 'pty.js': '0.2.2', execSync: '0.0.3' },
29 silly resolved     devDependencies: {},
29 silly resolved     scripts: {},
29 silly resolved     repository:
29 silly resolved      { type: 'git',
29 silly resolved        url: 'https://github.com/gordonwritescode/gitty.git' },
29 silly resolved     keywords: [ 'git', 'git cli', 'node git' ],
29 silly resolved     author:
29 silly resolved      { name: 'Gordon Hall',
29 silly resolved        email: 'gordon@gordonwritescode.com',
29 silly resolved        url: 'http://gordonwritescode.com/' },
29 silly resolved     license: 'BSD',
29 silly resolved     bugs: { url: 'https://github.com/gordonwritescode/gitty/issues' },
29 silly resolved     _id: 'gitty@2.1.2',
29 silly resolved     dist:
29 silly resolved      { shasum: 'f8ebea474926261aeb0a0f92b4c7a41c20a911b4',
29 silly resolved        tarball: 'http://registry.npmjs.org/gitty/-/gitty-2.1.2.tgz' },
29 silly resolved     _from: 'gitty@',
29 silly resolved     _npmVersion: '1.3.11',
29 silly resolved     _npmUser:
29 silly resolved      { name: 'gordonwritescode',
29 silly resolved        email: 'gordon@gordonwritescode.com' },
29 silly resolved     maintainers: [ [Object] ],
29 silly resolved     directories: {},
29 silly resolved     _shasum: 'f8ebea474926261aeb0a0f92b4c7a41c20a911b4',
29 silly resolved     _resolved: 'https://registry.npmjs.org/gitty/-/gitty-2.1.2.tgz',
29 silly resolved     readme: 'ERROR: No README data found!',
29 silly resolved     homepage: 'https://github.com/gordonwritescode/gitty' } ]
30 info install gitty@2.1.2 into /Users/alpha/Desktop/website/node-util
31 info installOne gitty@2.1.2
32 verbose node_modules/gitty unbuild
33 verbose tar unpack /Users/alpha/.npm/gitty/2.1.2/package.tgz
34 silly lockFile df65eeef-ite-node-util-node-modules-gitty tar:///Users/alpha/Desktop/website/node-util/node_modules/gitty
35 verbose lock tar:///Users/alpha/Desktop/website/node-util/node_modules/gitty /Users/alpha/.npm/df65eeef-ite-node-util-node-modules-gitty.lock
36 silly lockFile a033e9d7-lpha-npm-gitty-2-1-2-package-tgz tar:///Users/alpha/.npm/gitty/2.1.2/package.tgz
37 verbose lock tar:///Users/alpha/.npm/gitty/2.1.2/package.tgz /Users/alpha/.npm/a033e9d7-lpha-npm-gitty-2-1-2-package-tgz.lock
38 silly gunzTarPerm modes [ '755', '644' ]
39 silly gunzTarPerm extractEntry package.json
40 silly gunzTarPerm extractEntry .npmignore
41 silly gunzTarPerm extractEntry README.md
42 silly gunzTarPerm extractEntry LICENSE
43 silly gunzTarPerm extractEntry index.js
44 silly gunzTarPerm extractEntry classes/command.js
45 silly gunzTarPerm extractEntry classes/repository.js
46 silly gunzTarPerm extractEntry modules/grapher.js
47 silly gunzTarPerm extractEntry modules/output-parser.js
48 silly lockFile df65eeef-ite-node-util-node-modules-gitty tar:///Users/alpha/Desktop/website/node-util/node_modules/gitty
49 silly lockFile df65eeef-ite-node-util-node-modules-gitty tar:///Users/alpha/Desktop/website/node-util/node_modules/gitty
50 silly lockFile a033e9d7-lpha-npm-gitty-2-1-2-package-tgz tar:///Users/alpha/.npm/gitty/2.1.2/package.tgz
51 silly lockFile a033e9d7-lpha-npm-gitty-2-1-2-package-tgz tar:///Users/alpha/.npm/gitty/2.1.2/package.tgz
52 info preinstall gitty@2.1.2
53 verbose readDependencies using package.json deps
54 verbose readDependencies using package.json deps
55 verbose cache add [ 'pty.js@0.2.2', null ]
56 verbose cache add name=undefined spec="pty.js@0.2.2" args=["pty.js@0.2.2",null]
57 verbose parsed url { protocol: null,
57 verbose parsed url   slashes: null,
57 verbose parsed url   auth: null,
57 verbose parsed url   host: null,
57 verbose parsed url   port: null,
57 verbose parsed url   hostname: null,
57 verbose parsed url   hash: null,
57 verbose parsed url   search: null,
57 verbose parsed url   query: null,
57 verbose parsed url   pathname: 'pty.js@0.2.2',
57 verbose parsed url   path: 'pty.js@0.2.2',
57 verbose parsed url   href: 'pty.js@0.2.2' }
58 verbose cache add [ 'execSync@0.0.3', null ]
59 verbose cache add name=undefined spec="execSync@0.0.3" args=["execSync@0.0.3",null]
60 verbose parsed url { protocol: null,
60 verbose parsed url   slashes: null,
60 verbose parsed url   auth: null,
60 verbose parsed url   host: null,
60 verbose parsed url   port: null,
60 verbose parsed url   hostname: null,
60 verbose parsed url   hash: null,
60 verbose parsed url   search: null,
60 verbose parsed url   query: null,
60 verbose parsed url   pathname: 'execSync@0.0.3',
60 verbose parsed url   path: 'execSync@0.0.3',
60 verbose parsed url   href: 'execSync@0.0.3' }
61 verbose cache add name="pty.js" spec="0.2.2" args=["pty.js","0.2.2"]
62 verbose parsed url { protocol: null,
62 verbose parsed url   slashes: null,
62 verbose parsed url   auth: null,
62 verbose parsed url   host: null,
62 verbose parsed url   port: null,
62 verbose parsed url   hostname: null,
62 verbose parsed url   hash: null,
62 verbose parsed url   search: null,
62 verbose parsed url   query: null,
62 verbose parsed url   pathname: '0.2.2',
62 verbose parsed url   path: '0.2.2',
62 verbose parsed url   href: '0.2.2' }
63 verbose addNamed [ 'pty.js', '0.2.2' ]
64 verbose addNamed [ '0.2.2', '0.2.2' ]
65 silly lockFile 25316d89-pty-js-0-2-2 pty.js@0.2.2
66 verbose lock pty.js@0.2.2 /Users/alpha/.npm/25316d89-pty-js-0-2-2.lock
67 verbose cache add name="execSync" spec="0.0.3" args=["execSync","0.0.3"]
68 verbose parsed url { protocol: null,
68 verbose parsed url   slashes: null,
68 verbose parsed url   auth: null,
68 verbose parsed url   host: null,
68 verbose parsed url   port: null,
68 verbose parsed url   hostname: null,
68 verbose parsed url   hash: null,
68 verbose parsed url   search: null,
68 verbose parsed url   query: null,
68 verbose parsed url   pathname: '0.0.3',
68 verbose parsed url   path: '0.0.3',
68 verbose parsed url   href: '0.0.3' }
69 verbose addNamed [ 'execSync', '0.0.3' ]
70 verbose addNamed [ '0.0.3', '0.0.3' ]
71 silly lockFile 38870460-execSync-0-0-3 execSync@0.0.3
72 verbose lock execSync@0.0.3 /Users/alpha/.npm/38870460-execSync-0-0-3.lock
73 silly lockFile 38870460-execSync-0-0-3 execSync@0.0.3
74 silly lockFile 38870460-execSync-0-0-3 execSync@0.0.3
75 silly lockFile 25316d89-pty-js-0-2-2 pty.js@0.2.2
76 silly lockFile 25316d89-pty-js-0-2-2 pty.js@0.2.2
77 silly resolved [ { author: { name: 'Mario Gutierrez', email: 'mario@mgutz.com' },
77 silly resolved     name: 'execSync',
77 silly resolved     description: 'Synchronous exec when you NEED it.',
77 silly resolved     version: '0.0.3',
77 silly resolved     dependencies: { ffi: 'latest' },
77 silly resolved     devDependencies: {},
77 silly resolved     optionalDependencies: {},
77 silly resolved     engines: { node: '*' },
77 silly resolved     readme: '# execSync\n\nExecutes shell commands synchronously.\n\n## Motivation\n\nSimplifies build scripts.\n\nExpress 3 has asynchronous templates and helper functions are synchronous.\nSome of my helper functions invoke compilers with async interfaces. I use\nthis library in DEVELOPMENT mode to precompile files on the fly through the\ncommand line.\n\n**NOT RECOMMENDED** on production servers.\n\n\n## Install\n\n    npm install execSync\n\n## Usage\n\nRequire it\n\n    var execSync = require(\'execSync\');\n\nCapture STDOUT\n\n    var user = execSync.stdout(\'echo $USER\');\n    console.log(\'Hello \' + user);\n\nGet result code\n\n    var code = execSync.code(\'echo $HOME\');\n    console.log(\'result \' + code);\n\n',
77 silly resolved     readmeFilename: 'README.md',
77 silly resolved     _id: 'execSync@0.0.3',
77 silly resolved     dist:
77 silly resolved      { shasum: 'd9389d8e1d8f8ce534c4fb4b7cc3957686adab04',
77 silly resolved        tarball: 'http://registry.npmjs.org/execSync/-/execSync-0.0.3.tgz' },
77 silly resolved     _from: 'execSync@0.0.3',
77 silly resolved     _npmVersion: '1.2.10',
77 silly resolved     _npmUser: { name: 'mgutz', email: 'mario@mgutz.com' },
77 silly resolved     maintainers: [ [Object] ],
77 silly resolved     directories: {},
77 silly resolved     _shasum: 'd9389d8e1d8f8ce534c4fb4b7cc3957686adab04',
77 silly resolved     _resolved: 'https://registry.npmjs.org/execSync/-/execSync-0.0.3.tgz' },
77 silly resolved   { name: 'pty.js',
77 silly resolved     description: 'Pseudo terminals for node.',
77 silly resolved     author: { name: 'Christopher Jeffrey' },
77 silly resolved     version: '0.2.2',
77 silly resolved     main: './index.js',
77 silly resolved     repository: { type: 'git', url: 'git://github.com/chjj/pty.js.git' },
77 silly resolved     homepage: 'https://github.com/chjj/pty.js',
77 silly resolved     bugs: { url: 'https://github.com/chjj/pty.js/issues' },
77 silly resolved     keywords: [ 'pty', 'tty', 'terminal' ],
77 silly resolved     scripts:
77 silly resolved      { test: 'NODE_ENV=test mocha -R spec',
77 silly resolved        install: 'node-gyp rebuild' },
77 silly resolved     tags: [ 'pty', 'tty', 'terminal' ],
77 silly resolved     devDependencies: { mocha: '~1.7.1' },
77 silly resolved     gypfile: true,
77 silly resolved     _id: 'pty.js@0.2.2',
77 silly resolved     dist:
77 silly resolved      { shasum: '86e7f9a0b5ee3609206738d3a34752e310fd0269',
77 silly resolved        tarball: 'http://registry.npmjs.org/pty.js/-/pty.js-0.2.2.tgz' },
77 silly resolved     _from: 'pty.js@0.2.2',
77 silly resolved     _npmVersion: '1.2.14',
77 silly resolved     _npmUser: { name: 'chjj', email: 'chjjeffrey@gmail.com' },
77 silly resolved     maintainers: [ [Object], [Object] ],
77 silly resolved     directories: {},
77 silly resolved     _shasum: '86e7f9a0b5ee3609206738d3a34752e310fd0269',
77 silly resolved     _resolved: 'https://registry.npmjs.org/pty.js/-/pty.js-0.2.2.tgz',
77 silly resolved     readme: 'ERROR: No README data found!' } ]
78 info install execSync@0.0.3 into /Users/alpha/Desktop/website/node-util/node_modules/gitty
79 info install pty.js@0.2.2 into /Users/alpha/Desktop/website/node-util/node_modules/gitty
80 info installOne execSync@0.0.3
81 info installOne pty.js@0.2.2
82 verbose node_modules/gitty/node_modules/execSync unbuild
83 verbose node_modules/gitty/node_modules/pty.js unbuild
84 verbose tar unpack /Users/alpha/.npm/execSync/0.0.3/package.tgz
85 silly lockFile 30efccec-ules-gitty-node-modules-execSync tar:///Users/alpha/Desktop/website/node-util/node_modules/gitty/node_modules/execSync
86 verbose lock tar:///Users/alpha/Desktop/website/node-util/node_modules/gitty/node_modules/execSync /Users/alpha/.npm/30efccec-ules-gitty-node-modules-execSync.lock
87 silly lockFile 2e9d9e8b-a-npm-execSync-0-0-3-package-tgz tar:///Users/alpha/.npm/execSync/0.0.3/package.tgz
88 verbose lock tar:///Users/alpha/.npm/execSync/0.0.3/package.tgz /Users/alpha/.npm/2e9d9e8b-a-npm-execSync-0-0-3-package-tgz.lock
89 verbose tar unpack /Users/alpha/.npm/pty.js/0.2.2/package.tgz
90 silly lockFile e621381d-odules-gitty-node-modules-pty-js tar:///Users/alpha/Desktop/website/node-util/node_modules/gitty/node_modules/pty.js
91 verbose lock tar:///Users/alpha/Desktop/website/node-util/node_modules/gitty/node_modules/pty.js /Users/alpha/.npm/e621381d-odules-gitty-node-modules-pty-js.lock
92 silly lockFile 936cd7e6-pha-npm-pty-js-0-2-2-package-tgz tar:///Users/alpha/.npm/pty.js/0.2.2/package.tgz
93 verbose lock tar:///Users/alpha/.npm/pty.js/0.2.2/package.tgz /Users/alpha/.npm/936cd7e6-pha-npm-pty-js-0-2-2-package-tgz.lock
94 silly gunzTarPerm modes [ '755', '644' ]
95 silly gunzTarPerm modes [ '755', '644' ]
96 silly gunzTarPerm extractEntry package.json
97 silly gunzTarPerm extractEntry package.json
98 silly gunzTarPerm extractEntry .npmignore
99 silly gunzTarPerm extractEntry README.md
100 silly gunzTarPerm extractEntry .npmignore
101 silly gunzTarPerm extractEntry README.md
102 silly gunzTarPerm extractEntry index.js
103 silly gunzTarPerm extractEntry test.js
104 silly gunzTarPerm extractEntry LICENSE
105 silly gunzTarPerm extractEntry index.js
106 silly gunzTarPerm extractEntry wscript
107 silly gunzTarPerm extractEntry Makefile
108 silly gunzTarPerm extractEntry src/unix/pty.cc
109 silly gunzTarPerm extractEntry src/win/pty.cc
110 silly gunzTarPerm extractEntry deps/winpty/LICENSE
111 silly gunzTarPerm extractEntry deps/winpty/agent/SmallRect.cc
112 silly gunzTarPerm extractEntry deps/winpty/agent/AgentAssert.h
113 silly gunzTarPerm extractEntry deps/winpty/agent/main.cc
114 silly gunzTarPerm extractEntry deps/winpty/agent/EventLoop.h
115 silly gunzTarPerm extractEntry deps/winpty/agent/ConsoleInput.cc
116 silly gunzTarPerm extractEntry deps/winpty/agent/Terminal.h
117 silly gunzTarPerm extractEntry deps/winpty/agent/Win32Console.cc
118 silly gunzTarPerm extractEntry deps/winpty/agent/Makefile
119 silly gunzTarPerm extractEntry deps/winpty/agent/AgentAssert.cc
120 silly gunzTarPerm extractEntry deps/winpty/agent/DsrSender.h
121 silly gunzTarPerm extractEntry deps/winpty/agent/Agent.h
122 silly gunzTarPerm extractEntry deps/winpty/agent/NamedPipe.cc
123 silly gunzTarPerm extractEntry deps/winpty/agent/Coord.cc
124 silly gunzTarPerm extractEntry deps/winpty/agent/SmallRect.h
125 silly gunzTarPerm extractEntry deps/winpty/agent/Win32Console.h
126 silly gunzTarPerm extractEntry deps/winpty/agent/NamedPipe.h
127 silly gunzTarPerm extractEntry deps/winpty/agent/Terminal.cc
128 silly gunzTarPerm extractEntry deps/winpty/agent/EventLoop.cc
129 silly gunzTarPerm extractEntry deps/winpty/agent/Agent.cc
130 silly gunzTarPerm extractEntry deps/winpty/agent/Coord.h
131 silly gunzTarPerm extractEntry deps/winpty/agent/ConsoleInput.h
132 silly gunzTarPerm extractEntry deps/winpty/config.mk
133 silly gunzTarPerm extractEntry deps/winpty/include/winpty.h
134 silly gunzTarPerm extractEntry deps/winpty/Makefile
135 silly gunzTarPerm extractEntry deps/winpty/README.rst
136 silly gunzTarPerm extractEntry deps/winpty/winpty.gyp
137 silly gunzTarPerm extractEntry deps/winpty/libwinpty/winpty.cc
138 silly gunzTarPerm extractEntry deps/winpty/libwinpty/Makefile
139 silly gunzTarPerm extractEntry deps/winpty/misc/ShowArgv.cc
140 silly gunzTarPerm extractEntry deps/winpty/misc/Spew.py
141 silly gunzTarPerm extractEntry deps/winpty/misc/UnixEcho.cc
142 silly gunzTarPerm extractEntry deps/winpty/misc/FormatChar.h
143 silly gunzTarPerm extractEntry deps/winpty/misc/DebugClient.py
144 silly gunzTarPerm extractEntry deps/winpty/misc/build_win32.sh
145 silly gunzTarPerm extractEntry deps/winpty/misc/SelectAllTest.cc
146 silly gunzTarPerm extractEntry deps/winpty/misc/Win32Echo2.cc
147 silly gunzTarPerm extractEntry deps/winpty/misc/Win32Echo1.cc
148 silly gunzTarPerm extractEntry deps/winpty/misc/Win32Test3.cc
149 silly gunzTarPerm extractEntry deps/winpty/misc/DebugServer.py
150 silly gunzTarPerm extractEntry deps/winpty/misc/Win32Test2.cc
151 silly gunzTarPerm extractEntry deps/winpty/misc/Win32Test1.cc
152 silly gunzTarPerm extractEntry deps/winpty/misc/ShowConsoleInput.cc
153 silly gunzTarPerm extractEntry deps/winpty/misc/Win32Write1.cc
154 silly gunzTarPerm extractEntry deps/winpty/misc/VkEscapeTest.cc
155 silly gunzTarPerm extractEntry deps/winpty/Notes.txt
156 silly gunzTarPerm extractEntry deps/winpty/configure
157 silly gunzTarPerm extractEntry deps/winpty/shared/AgentMsg.h
158 silly gunzTarPerm extractEntry deps/winpty/shared/c99_snprintf.h
159 silly gunzTarPerm extractEntry deps/winpty/shared/Buffer.h
160 silly gunzTarPerm extractEntry deps/winpty/shared/DebugClient.h
161 silly gunzTarPerm extractEntry deps/winpty/shared/DebugClient.cc
162 silly gunzTarPerm extractEntry deps/winpty/unix-adapter/main.cc
163 silly gunzTarPerm extractEntry deps/winpty/unix-adapter/Makefile
164 silly gunzTarPerm extractEntry deps/winpty/unix-adapter/Shared.cc
165 silly gunzTarPerm extractEntry lib/pty_win.js
166 silly gunzTarPerm extractEntry lib/pty.js
167 silly gunzTarPerm extractEntry binding.gyp
168 silly lockFile 30efccec-ules-gitty-node-modules-execSync tar:///Users/alpha/Desktop/website/node-util/node_modules/gitty/node_modules/execSync
169 silly lockFile 30efccec-ules-gitty-node-modules-execSync tar:///Users/alpha/Desktop/website/node-util/node_modules/gitty/node_modules/execSync
170 silly lockFile 2e9d9e8b-a-npm-execSync-0-0-3-package-tgz tar:///Users/alpha/.npm/execSync/0.0.3/package.tgz
171 silly lockFile 2e9d9e8b-a-npm-execSync-0-0-3-package-tgz tar:///Users/alpha/.npm/execSync/0.0.3/package.tgz
172 info preinstall execSync@0.0.3
173 verbose readDependencies using package.json deps
174 verbose readDependencies using package.json deps
175 verbose cache add [ 'ffi@latest', null ]
176 verbose cache add name=undefined spec="ffi@latest" args=["ffi@latest",null]
177 verbose parsed url { protocol: null,
177 verbose parsed url   slashes: null,
177 verbose parsed url   auth: null,
177 verbose parsed url   host: null,
177 verbose parsed url   port: null,
177 verbose parsed url   hostname: null,
177 verbose parsed url   hash: null,
177 verbose parsed url   search: null,
177 verbose parsed url   query: null,
177 verbose parsed url   pathname: 'ffi@latest',
177 verbose parsed url   path: 'ffi@latest',
177 verbose parsed url   href: 'ffi@latest' }
178 verbose cache add name="ffi" spec="latest" args=["ffi","latest"]
179 verbose parsed url { protocol: null,
179 verbose parsed url   slashes: null,
179 verbose parsed url   auth: null,
179 verbose parsed url   host: null,
179 verbose parsed url   port: null,
179 verbose parsed url   hostname: null,
179 verbose parsed url   hash: null,
179 verbose parsed url   search: null,
179 verbose parsed url   query: null,
179 verbose parsed url   pathname: 'latest',
179 verbose parsed url   path: 'latest',
179 verbose parsed url   href: 'latest' }
180 verbose addNamed [ 'ffi', 'latest' ]
181 verbose addNamed [ null, null ]
182 silly lockFile 0462365d-ffi-latest ffi@latest
183 verbose lock ffi@latest /Users/alpha/.npm/0462365d-ffi-latest.lock
184 info addNameTag [ 'ffi', 'latest' ]
185 silly lockFile e621381d-odules-gitty-node-modules-pty-js tar:///Users/alpha/Desktop/website/node-util/node_modules/gitty/node_modules/pty.js
186 silly lockFile e621381d-odules-gitty-node-modules-pty-js tar:///Users/alpha/Desktop/website/node-util/node_modules/gitty/node_modules/pty.js
187 silly lockFile 936cd7e6-pha-npm-pty-js-0-2-2-package-tgz tar:///Users/alpha/.npm/pty.js/0.2.2/package.tgz
188 silly lockFile 936cd7e6-pha-npm-pty-js-0-2-2-package-tgz tar:///Users/alpha/.npm/pty.js/0.2.2/package.tgz
189 info preinstall pty.js@0.2.2
190 verbose readDependencies using package.json deps
191 verbose readDependencies using package.json deps
192 silly resolved []
193 verbose about to build /Users/alpha/Desktop/website/node-util/node_modules/gitty/node_modules/pty.js
194 info build /Users/alpha/Desktop/website/node-util/node_modules/gitty/node_modules/pty.js
195 verbose linkStuff [ false,
195 verbose linkStuff   false,
195 verbose linkStuff   false,
195 verbose linkStuff   '/Users/alpha/Desktop/website/node-util/node_modules/gitty/node_modules' ]
196 info linkStuff pty.js@0.2.2
197 verbose linkBins pty.js@0.2.2
198 verbose linkMans pty.js@0.2.2
199 verbose rebuildBundles pty.js@0.2.2
200 info install pty.js@0.2.2
201 verbose unsafe-perm in lifecycle true
202 verbose addNamed [ 'ffi', '1.2.7' ]
203 verbose addNamed [ '1.2.7', '1.2.7' ]
204 silly lockFile b12d65d3-ffi-1-2-7 ffi@1.2.7
205 verbose lock ffi@1.2.7 /Users/alpha/.npm/b12d65d3-ffi-1-2-7.lock
206 silly lockFile b12d65d3-ffi-1-2-7 ffi@1.2.7
207 silly lockFile b12d65d3-ffi-1-2-7 ffi@1.2.7
208 silly lockFile 0462365d-ffi-latest ffi@latest
209 silly lockFile 0462365d-ffi-latest ffi@latest
210 silly resolved [ { name: 'ffi',
210 silly resolved     version: '1.2.7',
210 silly resolved     authors:
210 silly resolved      [ 'Rick Branson',
210 silly resolved        'Nathan Rajlich <nathan@tootallnate.net> (http://tootallnate.net)' ],
210 silly resolved     description: 'A foreign function interface (FFI) for Node.js',
210 silly resolved     keywords:
210 silly resolved      [ 'foreign',
210 silly resolved        'function',
210 silly resolved        'interface',
210 silly resolved        'ffi',
210 silly resolved        'libffi',
210 silly resolved        'binding',
210 silly resolved        'c' ],
210 silly resolved     homepage: 'http://github.com/rbranson/node-ffi',
210 silly resolved     engines: { node: '>=0.6.0' },
210 silly resolved     main: './lib/ffi',
210 silly resolved     dependencies: { bindings: '*', debug: '*', ref: '*', 'ref-struct': '*' },
210 silly resolved     devDependencies: { mocha: '*', 'ref-array': '*' },
210 silly resolved     scripts:
210 silly resolved      { test: 'node-gyp rebuild --directory test && mocha -gc --reporter spec',
210 silly resolved        install: 'node-gyp rebuild' },
210 silly resolved     repository: { type: 'git', url: 'http://github.com/rbranson/node-ffi.git' },
210 silly resolved     bugs: { url: 'http://github.com/rbranson/node-ffi/issues' },
210 silly resolved     gypfile: true,
210 silly resolved     gitHead: '06fcbc78bcf5b29f8abf9924f481a0f20d98f882',
210 silly resolved     _id: 'ffi@1.2.7',
210 silly resolved     _shasum: '7ea5f790888081bfe248abed30ef4dab754011dc',
210 silly resolved     _from: 'ffi@latest',
210 silly resolved     _npmVersion: '1.4.14',
210 silly resolved     _npmUser: { name: 'tootallnate', email: 'nathan@tootallnate.net' },
210 silly resolved     maintainers: [ [Object] ],
210 silly resolved     dist:
210 silly resolved      { shasum: '7ea5f790888081bfe248abed30ef4dab754011dc',
210 silly resolved        tarball: 'http://registry.npmjs.org/ffi/-/ffi-1.2.7.tgz' },
210 silly resolved     directories: {},
210 silly resolved     _resolved: 'https://registry.npmjs.org/ffi/-/ffi-1.2.7.tgz',
210 silly resolved     readme: 'ERROR: No README data found!' } ]
211 info install ffi@1.2.7 into /Users/alpha/Desktop/website/node-util/node_modules/gitty/node_modules/execSync
212 info installOne ffi@1.2.7
213 verbose node_modules/gitty/node_modules/execSync/node_modules/ffi unbuild
214 verbose tar unpack /Users/alpha/.npm/ffi/1.2.7/package.tgz
215 silly lockFile aee0a009-odules-execSync-node-modules-ffi tar:///Users/alpha/Desktop/website/node-util/node_modules/gitty/node_modules/execSync/node_modules/ffi
216 verbose lock tar:///Users/alpha/Desktop/website/node-util/node_modules/gitty/node_modules/execSync/node_modules/ffi /Users/alpha/.npm/aee0a009-odules-execSync-node-modules-ffi.lock
217 silly lockFile 40215b2c--alpha-npm-ffi-1-2-7-package-tgz tar:///Users/alpha/.npm/ffi/1.2.7/package.tgz
218 verbose lock tar:///Users/alpha/.npm/ffi/1.2.7/package.tgz /Users/alpha/.npm/40215b2c--alpha-npm-ffi-1-2-7-package-tgz.lock
219 silly gunzTarPerm modes [ '755', '644' ]
220 silly gunzTarPerm extractEntry package.json
221 silly gunzTarPerm extractEntry .npmignore
222 silly gunzTarPerm extractEntry README.md
223 silly gunzTarPerm extractEntry LICENSE
224 silly gunzTarPerm extractEntry test/variadic.js
225 silly gunzTarPerm extractEntry test/cif.js
226 silly gunzTarPerm extractEntry test/dynamic_library.js
227 silly gunzTarPerm extractEntry test/errno.js
228 silly gunzTarPerm extractEntry test/types.js
229 silly gunzTarPerm extractEntry test/callback.js
230 silly gunzTarPerm extractEntry test/function.js
231 silly gunzTarPerm extractEntry test/library.js
232 silly gunzTarPerm extractEntry test/objc.js
233 silly gunzTarPerm extractEntry test/foreign_function.js
234 silly gunzTarPerm extractEntry test/ffi_tests.cc
235 silly gunzTarPerm extractEntry test/binding.gyp
236 silly gunzTarPerm extractEntry .travis.yml
237 silly gunzTarPerm extractEntry binding.gyp
238 silly gunzTarPerm extractEntry .jshintrc
239 silly gunzTarPerm extractEntry doc/benchmark.js
240 silly gunzTarPerm extractEntry doc/benchmark.txt
241 silly gunzTarPerm extractEntry example/abs.js
242 silly gunzTarPerm extractEntry example/sqlite.js
243 silly gunzTarPerm extractEntry example/factorial/README.md
244 silly gunzTarPerm extractEntry example/factorial/factorial.js
245 silly gunzTarPerm extractEntry example/factorial/factorial.c
246 silly gunzTarPerm extractEntry lib/_foreign_function.js
247 silly gunzTarPerm extractEntry lib/cif.js
248 silly gunzTarPerm extractEntry lib/cif_var.js
249 silly gunzTarPerm extractEntry lib/dynamic_library.js
250 silly gunzTarPerm extractEntry lib/callback.js
251 silly gunzTarPerm extractEntry lib/ffi.js
252 silly gunzTarPerm extractEntry lib/foreign_function.js
253 silly gunzTarPerm extractEntry lib/foreign_function_var.js
254 silly gunzTarPerm extractEntry lib/function.js
255 silly gunzTarPerm extractEntry lib/library.js
256 silly gunzTarPerm extractEntry lib/bindings.js
257 silly gunzTarPerm extractEntry lib/type.js
258 silly gunzTarPerm extractEntry lib/errno.js
259 silly gunzTarPerm extractEntry src/callback_info.cc
260 silly gunzTarPerm extractEntry src/ffi.cc
261 silly gunzTarPerm extractEntry src/ffi.h
262 silly gunzTarPerm extractEntry src/threaded_callback_invokation.cc
263 silly gunzTarPerm extractEntry History.md
264 silly gunzTarPerm extractEntry deps/dlfcn-win32/README
265 silly gunzTarPerm extractEntry deps/dlfcn-win32/COPYING
266 silly gunzTarPerm extractEntry deps/dlfcn-win32/configure
267 silly gunzTarPerm extractEntry deps/dlfcn-win32/dlfcn.c
268 silly gunzTarPerm extractEntry deps/dlfcn-win32/dlfcn.gyp
269 silly gunzTarPerm extractEntry deps/dlfcn-win32/dlfcn.h
270 silly gunzTarPerm extractEntry deps/dlfcn-win32/test.c
271 silly gunzTarPerm extractEntry deps/dlfcn-win32/testdll.c
272 silly gunzTarPerm extractEntry deps/libffi/.npmignore
273 silly gunzTarPerm extractEntry deps/libffi/README
274 silly gunzTarPerm extractEntry deps/libffi/LICENSE
275 silly gunzTarPerm extractEntry deps/libffi/ChangeLog.libgcj
276 silly gunzTarPerm extractEntry deps/libffi/ChangeLog.v1
277 silly gunzTarPerm extractEntry deps/libffi/texinfo.tex
278 silly gunzTarPerm extractEntry deps/libffi/Makefile.am
279 silly gunzTarPerm extractEntry deps/libffi/Makefile.in
280 silly gunzTarPerm extractEntry deps/libffi/ChangeLog.libffi
281 silly gunzTarPerm extractEntry deps/libffi/acinclude.m4
282 silly gunzTarPerm extractEntry deps/libffi/aclocal.m4
283 silly gunzTarPerm extractEntry deps/libffi/closure.c
284 silly gunzTarPerm extractEntry deps/libffi/compile
285 silly gunzTarPerm extractEntry deps/libffi/config/README
286 silly gunzTarPerm extractEntry deps/libffi/config/freebsd/ia32/ffi.h
287 silly gunzTarPerm extractEntry deps/libffi/config/freebsd/ia32/fficonfig.h
288 silly gunzTarPerm extractEntry deps/libffi/config/freebsd/ia32/ffitarget.h
289 silly gunzTarPerm extractEntry deps/libffi/config/freebsd/x64/ffi.h
290 silly gunzTarPerm extractEntry deps/libffi/config/freebsd/x64/fficonfig.h
291 silly gunzTarPerm extractEntry deps/libffi/config/freebsd/x64/ffitarget.h
292 silly gunzTarPerm extractEntry deps/libffi/config/linux/arm/ffi.h
293 silly gunzTarPerm extractEntry deps/libffi/config/linux/arm/fficonfig.h
294 silly gunzTarPerm extractEntry deps/libffi/config/linux/arm/ffitarget.h
295 silly gunzTarPerm extractEntry deps/libffi/config/linux/arm/flags.txt
296 silly gunzTarPerm extractEntry deps/libffi/config/linux/ia32/ffi.h
297 silly gunzTarPerm extractEntry deps/libffi/config/linux/ia32/fficonfig.h
298 silly gunzTarPerm extractEntry deps/libffi/config/linux/ia32/ffitarget.h
299 silly gunzTarPerm extractEntry deps/libffi/config/linux/ia32/flags.txt
300 silly gunzTarPerm extractEntry deps/libffi/config/linux/x64/ffi.h
301 silly gunzTarPerm extractEntry deps/libffi/config/linux/x64/fficonfig.h
302 silly gunzTarPerm extractEntry deps/libffi/config/linux/x64/ffitarget.h
303 silly gunzTarPerm extractEntry deps/libffi/config/linux/x64/flags.txt
304 silly gunzTarPerm extractEntry deps/libffi/config/mac/ia32/ffi.h
305 silly gunzTarPerm extractEntry deps/libffi/config/mac/ia32/fficonfig.h
306 silly gunzTarPerm extractEntry deps/libffi/config/mac/ia32/ffitarget.h
307 silly gunzTarPerm extractEntry deps/libffi/config/mac/ia32/flags.txt
308 silly gunzTarPerm extractEntry deps/libffi/config/mac/x64/ffi.h
309 silly gunzTarPerm extractEntry deps/libffi/config/mac/x64/fficonfig.h
310 silly gunzTarPerm extractEntry deps/libffi/config/mac/x64/ffitarget.h
311 silly gunzTarPerm extractEntry deps/libffi/config/mac/x64/flags.txt
312 silly gunzTarPerm extractEntry deps/libffi/config/solaris/ia32/ffi.h
313 silly gunzTarPerm extractEntry deps/libffi/config/solaris/ia32/fficonfig.h
314 silly gunzTarPerm extractEntry deps/libffi/config/solaris/ia32/ffitarget.h
315 silly gunzTarPerm extractEntry deps/libffi/config/solaris/ia32/flags.txt
316 silly gunzTarPerm extractEntry deps/libffi/config/solaris/x64/ffi.h
317 silly gunzTarPerm extractEntry deps/libffi/config/solaris/x64/fficonfig.h
318 silly gunzTarPerm extractEntry deps/libffi/config/solaris/x64/ffitarget.h
319 silly gunzTarPerm extractEntry deps/libffi/config/solaris/x64/flags.txt
320 silly gunzTarPerm extractEntry deps/libffi/config/win/ia32/ffi.h
321 silly gunzTarPerm extractEntry deps/libffi/config/win/ia32/fficonfig.h
322 silly gunzTarPerm extractEntry deps/libffi/config/win/ia32/ffitarget.h
323 silly gunzTarPerm extractEntry deps/libffi/config/win/ia32/flags.txt
324 silly gunzTarPerm extractEntry deps/libffi/config/win/x64/ffi.h
325 silly gunzTarPerm extractEntry deps/libffi/config/win/x64/fficonfig.h
326 silly gunzTarPerm extractEntry deps/libffi/config/win/x64/ffitarget.h
327 silly gunzTarPerm extractEntry deps/libffi/config.guess
328 silly gunzTarPerm extractEntry deps/libffi/config.sub
329 silly gunzTarPerm extractEntry deps/libffi/configure
330 silly gunzTarPerm extractEntry deps/libffi/configure.ac
331 silly gunzTarPerm extractEntry deps/libffi/configure.host
332 silly gunzTarPerm extractEntry deps/libffi/depcomp
333 silly gunzTarPerm extractEntry deps/libffi/ChangeLog
334 silly gunzTarPerm extractEntry deps/libffi/fficonfig.h.in
335 silly gunzTarPerm extractEntry deps/libffi/generate-ios-source-and-headers.py
336 silly gunzTarPerm extractEntry deps/libffi/generate-osx-source-and-headers.py
337 silly gunzTarPerm extractEntry deps/libffi/include/Makefile.am
338 silly gunzTarPerm extractEntry deps/libffi/include/Makefile.in
339 silly gunzTarPerm extractEntry deps/libffi/include/ffi.h.in
340 silly gunzTarPerm extractEntry deps/libffi/include/ffi_common.h
341 silly gunzTarPerm extractEntry deps/libffi/install-sh
342 silly gunzTarPerm extractEntry deps/libffi/libffi.gyp
343 silly gunzTarPerm extractEntry deps/libffi/libffi.pc.in
344 silly gunzTarPerm extractEntry deps/libffi/libffi.xcodeproj/project.pbxproj
345 silly gunzTarPerm extractEntry deps/libffi/libtool-version
346 silly gunzTarPerm extractEntry deps/libffi/ltmain.sh
347 silly gunzTarPerm extractEntry deps/libffi/m4/ax_gcc_archflag.m4
348 silly gunzTarPerm extractEntry deps/libffi/m4/asmcfi.m4
349 silly gunzTarPerm extractEntry deps/libffi/m4/ax_cflags_warn_all.m4
350 silly gunzTarPerm extractEntry deps/libffi/m4/ax_compiler_vendor.m4
351 silly gunzTarPerm extractEntry deps/libffi/m4/ax_configure_args.m4
352 silly gunzTarPerm extractEntry deps/libffi/m4/ax_enable_builddir.m4
353 silly gunzTarPerm extractEntry deps/libffi/m4/ax_cc_maxopt.m4
354 silly gunzTarPerm extractEntry deps/libffi/m4/ax_gcc_x86_cpuid.m4
355 silly gunzTarPerm extractEntry deps/libffi/m4/libtool.m4
356 silly gunzTarPerm extractEntry deps/libffi/m4/ltoptions.m4
357 silly gunzTarPerm extractEntry deps/libffi/m4/ltsugar.m4
358 silly gunzTarPerm extractEntry deps/libffi/m4/ltversion.m4
359 silly gunzTarPerm extractEntry deps/libffi/m4/lt~obsolete.m4
360 silly gunzTarPerm extractEntry deps/libffi/man/Makefile.am
361 silly gunzTarPerm extractEntry deps/libffi/man/Makefile.in
362 silly gunzTarPerm extractEntry deps/libffi/man/ffi.3
363 silly gunzTarPerm extractEntry deps/libffi/man/ffi_call.3
364 silly gunzTarPerm extractEntry deps/libffi/man/ffi_prep_cif.3
365 silly gunzTarPerm extractEntry deps/libffi/man/ffi_prep_cif_var.3
366 silly gunzTarPerm extractEntry deps/libffi/mdate-sh
367 silly gunzTarPerm extractEntry deps/libffi/missing
368 silly gunzTarPerm extractEntry deps/libffi/msvcc.sh
369 silly gunzTarPerm extractEntry deps/libffi/src/mips/ffi.c
370 silly gunzTarPerm extractEntry deps/libffi/src/mips/ffitarget.h
371 silly gunzTarPerm extractEntry deps/libffi/src/mips/n32.S
372 silly gunzTarPerm extractEntry deps/libffi/src/mips/o32.S
373 silly gunzTarPerm extractEntry deps/libffi/src/alpha/ffi.c
374 silly gunzTarPerm extractEntry deps/libffi/src/alpha/ffitarget.h
375 silly gunzTarPerm extractEntry deps/libffi/src/alpha/osf.S
376 silly gunzTarPerm extractEntry deps/libffi/src/avr32/ffi.c
377 silly gunzTarPerm extractEntry deps/libffi/src/avr32/ffitarget.h
378 silly gunzTarPerm extractEntry deps/libffi/src/avr32/sysv.S
379 silly gunzTarPerm extractEntry deps/libffi/src/closures.c
380 silly gunzTarPerm extractEntry deps/libffi/src/cris/ffi.c
381 silly gunzTarPerm extractEntry deps/libffi/src/cris/ffitarget.h
382 silly gunzTarPerm extractEntry deps/libffi/src/cris/sysv.S
383 silly gunzTarPerm extractEntry deps/libffi/src/debug.c
384 silly gunzTarPerm extractEntry deps/libffi/src/dlmalloc.c
385 silly gunzTarPerm extractEntry deps/libffi/src/frv/eabi.S
386 silly gunzTarPerm extractEntry deps/libffi/src/frv/ffi.c
387 silly gunzTarPerm extractEntry deps/libffi/src/frv/ffitarget.h
388 silly gunzTarPerm extractEntry deps/libffi/src/ia64/ffi.c
389 silly gunzTarPerm extractEntry deps/libffi/src/ia64/ffitarget.h
390 silly gunzTarPerm extractEntry deps/libffi/src/ia64/ia64_flags.h
391 silly gunzTarPerm extractEntry deps/libffi/src/ia64/unix.S
392 silly gunzTarPerm extractEntry deps/libffi/src/java_raw_api.c
393 silly gunzTarPerm extractEntry deps/libffi/src/m32r/ffi.c
394 silly gunzTarPerm extractEntry deps/libffi/src/m32r/ffitarget.h
395 silly gunzTarPerm extractEntry deps/libffi/src/m32r/sysv.S
396 silly gunzTarPerm extractEntry deps/libffi/src/m68k/ffi.c
397 silly gunzTarPerm extractEntry deps/libffi/src/m68k/ffitarget.h
398 silly gunzTarPerm extractEntry deps/libffi/src/m68k/sysv.S
399 silly gunzTarPerm extractEntry deps/libffi/src/arm/ffi.c
400 silly gunzTarPerm extractEntry deps/libffi/src/arm/ffitarget.h
401 silly gunzTarPerm extractEntry deps/libffi/src/arm/gentramp.sh
402 silly gunzTarPerm extractEntry deps/libffi/src/arm/sysv.S
403 silly gunzTarPerm extractEntry deps/libffi/src/arm/trampoline.S
404 silly gunzTarPerm extractEntry deps/libffi/src/moxie/eabi.S
405 silly gunzTarPerm extractEntry deps/libffi/src/moxie/ffi.c
406 silly gunzTarPerm extractEntry deps/libffi/src/pa/ffi.c
407 silly gunzTarPerm extractEntry deps/libffi/src/pa/ffitarget.h
408 silly gunzTarPerm extractEntry deps/libffi/src/pa/hpux32.S
409 silly gunzTarPerm extractEntry deps/libffi/src/pa/linux.S
410 silly gunzTarPerm extractEntry deps/libffi/src/powerpc/ffi_darwin.c
411 silly gunzTarPerm extractEntry deps/libffi/src/powerpc/aix.S
412 silly gunzTarPerm extractEntry deps/libffi/src/powerpc/asm.h
413 silly gunzTarPerm extractEntry deps/libffi/src/powerpc/darwin.S
414 silly gunzTarPerm extractEntry deps/libffi/src/powerpc/darwin_closure.S
415 silly gunzTarPerm extractEntry deps/libffi/src/powerpc/ffi.c
416 silly gunzTarPerm extractEntry deps/libffi/src/powerpc/aix_closure.S
417 silly gunzTarPerm extractEntry deps/libffi/src/powerpc/ffitarget.h
418 silly gunzTarPerm extractEntry deps/libffi/src/powerpc/linux64.S
419 silly gunzTarPerm extractEntry deps/libffi/src/powerpc/linux64_closure.S
420 silly gunzTarPerm extractEntry deps/libffi/src/powerpc/ppc_closure.S
421 silly gunzTarPerm extractEntry deps/libffi/src/powerpc/sysv.S
422 silly gunzTarPerm extractEntry deps/libffi/src/prep_cif.c
423 silly gunzTarPerm extractEntry deps/libffi/src/raw_api.c
424 silly gunzTarPerm extractEntry deps/libffi/src/s390/ffi.c
425 silly gunzTarPerm extractEntry deps/libffi/src/s390/ffitarget.h
426 silly gunzTarPerm extractEntry deps/libffi/src/s390/sysv.S
427 silly gunzTarPerm extractEntry deps/libffi/src/sh/ffi.c
428 silly gunzTarPerm extractEntry deps/libffi/src/sh/ffitarget.h
429 silly gunzTarPerm extractEntry deps/libffi/src/sh/sysv.S
430 silly gunzTarPerm extractEntry deps/libffi/src/sh64/ffi.c
431 silly gunzTarPerm extractEntry deps/libffi/src/sh64/ffitarget.h
432 silly gunzTarPerm extractEntry deps/libffi/src/sh64/sysv.S
433 silly gunzTarPerm extractEntry deps/libffi/src/sparc/ffi.c
434 silly gunzTarPerm extractEntry deps/libffi/src/sparc/ffitarget.h
435 silly gunzTarPerm extractEntry deps/libffi/src/sparc/v8.S
436 silly gunzTarPerm extractEntry deps/libffi/src/sparc/v9.S
437 silly gunzTarPerm extractEntry deps/libffi/src/types.c
438 silly gunzTarPerm extractEntry deps/libffi/src/x86/sysv.S
439 silly gunzTarPerm extractEntry deps/libffi/src/x86/darwin.S
440 silly gunzTarPerm extractEntry deps/libffi/src/x86/ffi.c
441 silly gunzTarPerm extractEntry deps/libffi/src/x86/ffi64.c
442 silly gunzTarPerm extractEntry deps/libffi/src/x86/ffitarget.h
443 silly gunzTarPerm extractEntry deps/libffi/src/x86/freebsd.S
444 silly gunzTarPerm extractEntry deps/libffi/src/x86/darwin64.S
445 silly gunzTarPerm extractEntry deps/libffi/src/x86/unix64.S
446 silly gunzTarPerm extractEntry deps/libffi/src/x86/win32.S
447 silly gunzTarPerm extractEntry deps/libffi/src/x86/win32.asm
448 silly gunzTarPerm extractEntry deps/libffi/src/x86/win64.S
449 silly gunzTarPerm extractEntry deps/libffi/src/x86/win64.asm
450 silly gunzTarPerm extractEntry deps/libffi/test.c
451 silly gunzTarPerm extractEntry deps/libffi/testsuite/Makefile.am
452 silly gunzTarPerm extractEntry deps/libffi/testsuite/Makefile.in
453 silly gunzTarPerm extractEntry deps/libffi/testsuite/config/default.exp
454 silly gunzTarPerm extractEntry deps/libffi/testsuite/lib/libffi.exp
455 silly gunzTarPerm extractEntry deps/libffi/testsuite/lib/target-libpath.exp
456 silly gunzTarPerm extractEntry deps/libffi/testsuite/lib/wrapper.exp
457 silly gunzTarPerm extractEntry deps/libffi/testsuite/libffi.call/cls_ulonglong.c
458 silly gunzTarPerm extractEntry deps/libffi/testsuite/libffi.call/a.out
459 silly gunzTarPerm extractEntry deps/libffi/testsuite/libffi.call/closure_fn0.c
460 silly gunzTarPerm extractEntry deps/libffi/testsuite/libffi.call/closure_fn1.c
461 silly gunzTarPerm extractEntry deps/libffi/testsuite/libffi.call/closure_fn2.c
462 silly gunzTarPerm extractEntry deps/libffi/testsuite/libffi.call/closure_fn3.c
463 silly gunzTarPerm extractEntry deps/libffi/testsuite/libffi.call/closure_fn4.c
464 silly gunzTarPerm extractEntry deps/libffi/testsuite/libffi.call/closure_fn5.c
465 silly gunzTarPerm extractEntry deps/libffi/testsuite/libffi.call/closure_fn6.c
466 silly gunzTarPerm extractEntry deps/libffi/testsuite/libffi.call/closure_loc_fn0.c
467 silly gunzTarPerm extractEntry deps/libffi/testsuite/libffi.call/closure_stdcall.c
468 silly gunzTarPerm extractEntry deps/libffi/testsuite/libffi.call/closure_thiscall.c
469 silly gunzTarPerm extractEntry deps/libffi/testsuite/libffi.call/cls_12byte.c
470 silly gunzTarPerm extractEntry deps/libffi/testsuite/libffi.call/cls_16byte.c
471 silly gunzTarPerm extractEntry deps/libffi/testsuite/libffi.call/cls_18byte.c
472 silly gunzTarPerm extractEntry deps/libffi/testsuite/libffi.call/cls_19byte.c
473 silly gunzTarPerm extractEntry deps/libffi/testsuite/libffi.call/cls_1_1byte.c
474 silly gunzTarPerm extractEntry deps/libffi/testsuite/libffi.call/cls_20byte.c
475 silly gunzTarPerm extractEntry deps/libffi/testsuite/libffi.call/cls_20byte1.c
476 silly gunzTarPerm extractEntry deps/libffi/testsuite/libffi.call/cls_24byte.c
477 silly gunzTarPerm extractEntry deps/libffi/testsuite/libffi.call/cls_2byte.c
478 silly gunzTarPerm extractEntry deps/libffi/testsuite/libffi.call/cls_3_1byte.c
479 silly gunzTarPerm extractEntry deps/libffi/testsuite/libffi.call/cls_3byte1.c
480 silly gunzTarPerm extractEntry deps/libffi/testsuite/libffi.call/cls_3byte2.c
481 silly gunzTarPerm extractEntry deps/libffi/testsuite/libffi.call/cls_4_1byte.c
482 silly gunzTarPerm extractEntry deps/libffi/testsuite/libffi.call/cls_4byte.c
483 silly gunzTarPerm extractEntry deps/libffi/testsuite/libffi.call/cls_5_1_byte.c
484 silly gunzTarPerm extractEntry deps/libffi/testsuite/libffi.call/cls_5byte.c
485 silly gunzTarPerm extractEntry deps/libffi/testsuite/libffi.call/cls_64byte.c
486 silly gunzTarPerm extractEntry deps/libffi/testsuite/libffi.call/cls_6_1_byte.c
487 silly gunzTarPerm extractEntry deps/libffi/testsuite/libffi.call/cls_6byte.c
488 silly gunzTarPerm extractEntry deps/libffi/testsuite/libffi.call/cls_7_1_byte.c
489 silly gunzTarPerm extractEntry deps/libffi/testsuite/libffi.call/cls_7byte.c
490 silly gunzTarPerm extractEntry deps/libffi/testsuite/libffi.call/cls_8byte.c
491 silly gunzTarPerm extractEntry deps/libffi/testsuite/libffi.call/cls_9byte1.c
492 silly gunzTarPerm extractEntry deps/libffi/testsuite/libffi.call/cls_9byte2.c
493 silly gunzTarPerm extractEntry deps/libffi/testsuite/libffi.call/cls_align_double.c
494 silly gunzTarPerm extractEntry deps/libffi/testsuite/libffi.call/cls_align_float.c
495 silly gunzTarPerm extractEntry deps/libffi/testsuite/libffi.call/cls_align_longdouble.c
496 silly gunzTarPerm extractEntry deps/libffi/testsuite/libffi.call/cls_align_longdouble_split.c
497 silly gunzTarPerm extractEntry deps/libffi/testsuite/libffi.call/cls_align_longdouble_split2.c
498 silly gunzTarPerm extractEntry deps/libffi/testsuite/libffi.call/cls_align_pointer.c
499 silly gunzTarPerm extractEntry deps/libffi/testsuite/libffi.call/cls_align_sint16.c
500 silly gunzTarPerm extractEntry deps/libffi/testsuite/libffi.call/cls_align_sint32.c
501 silly gunzTarPerm extractEntry deps/libffi/testsuite/libffi.call/cls_align_sint64.c
502 silly gunzTarPerm extractEntry deps/libffi/testsuite/libffi.call/cls_align_uint16.c
503 silly gunzTarPerm extractEntry deps/libffi/testsuite/libffi.call/cls_align_uint32.c
504 silly gunzTarPerm extractEntry deps/libffi/testsuite/libffi.call/cls_align_uint64.c
505 silly gunzTarPerm extractEntry deps/libffi/testsuite/libffi.call/cls_dbls_struct.c
506 silly gunzTarPerm extractEntry deps/libffi/testsuite/libffi.call/cls_double.c
507 silly gunzTarPerm extractEntry deps/libffi/testsuite/libffi.call/cls_double_va.c
508 silly gunzTarPerm extractEntry deps/libffi/testsuite/libffi.call/cls_float.c
509 silly gunzTarPerm extractEntry deps/libffi/testsuite/libffi.call/cls_longdouble.c
510 silly gunzTarPerm extractEntry deps/libffi/testsuite/libffi.call/cls_longdouble_va.c
511 silly gunzTarPerm extractEntry deps/libffi/testsuite/libffi.call/cls_multi_schar.c
512 silly gunzTarPerm extractEntry deps/libffi/testsuite/libffi.call/cls_multi_sshort.c
513 silly gunzTarPerm extractEntry deps/libffi/testsuite/libffi.call/cls_multi_sshortchar.c
514 silly gunzTarPerm extractEntry deps/libffi/testsuite/libffi.call/cls_multi_uchar.c
515 silly gunzTarPerm extractEntry deps/libffi/testsuite/libffi.call/cls_multi_ushort.c
516 silly gunzTarPerm extractEntry deps/libffi/testsuite/libffi.call/cls_multi_ushortchar.c
517 silly gunzTarPerm extractEntry deps/libffi/testsuite/libffi.call/cls_pointer.c
518 silly gunzTarPerm extractEntry deps/libffi/testsuite/libffi.call/cls_pointer_stack.c
519 silly gunzTarPerm extractEntry deps/libffi/testsuite/libffi.call/cls_schar.c
520 silly gunzTarPerm extractEntry deps/libffi/testsuite/libffi.call/cls_sint.c
521 silly gunzTarPerm extractEntry deps/libffi/testsuite/libffi.call/cls_sshort.c
522 silly gunzTarPerm extractEntry deps/libffi/testsuite/libffi.call/cls_uchar.c
523 silly gunzTarPerm extractEntry deps/libffi/testsuite/libffi.call/cls_uint.c
524 silly gunzTarPerm extractEntry deps/libffi/testsuite/libffi.call/call.exp
525 silly gunzTarPerm extractEntry deps/libffi/testsuite/libffi.call/cls_ushort.c
526 silly gunzTarPerm extractEntry deps/libffi/testsuite/libffi.call/err_bad_abi.c
527 silly gunzTarPerm extractEntry deps/libffi/testsuite/libffi.call/err_bad_typedef.c
528 silly gunzTarPerm extractEntry deps/libffi/testsuite/libffi.call/fastthis1_win32.c
529 silly gunzTarPerm extractEntry deps/libffi/testsuite/libffi.call/fastthis2_win32.c
530 silly gunzTarPerm extractEntry deps/libffi/testsuite/libffi.call/fastthis3_win32.c
531 silly gunzTarPerm extractEntry deps/libffi/testsuite/libffi.call/ffitest.h
532 silly gunzTarPerm extractEntry deps/libffi/testsuite/libffi.call/float.c
533 silly gunzTarPerm extractEntry deps/libffi/testsuite/libffi.call/float1.c
534 silly gunzTarPerm extractEntry deps/libffi/testsuite/libffi.call/float2.c
535 silly gunzTarPerm extractEntry deps/libffi/testsuite/libffi.call/float3.c
536 silly gunzTarPerm extractEntry deps/libffi/testsuite/libffi.call/float4.c
537 silly gunzTarPerm extractEntry deps/libffi/testsuite/libffi.call/float_va.c
538 silly gunzTarPerm extractEntry deps/libffi/testsuite/libffi.call/huge_struct.c
539 silly gunzTarPerm extractEntry deps/libffi/testsuite/libffi.call/many.c
540 silly gunzTarPerm extractEntry deps/libffi/testsuite/libffi.call/many2.c
541 silly gunzTarPerm extractEntry deps/libffi/testsuite/libffi.call/many2_win32.c
542 silly gunzTarPerm extractEntry deps/libffi/testsuite/libffi.call/many_win32.c
543 silly gunzTarPerm extractEntry deps/libffi/testsuite/libffi.call/negint.c
544 silly gunzTarPerm extractEntry deps/libffi/testsuite/libffi.call/nested_struct.c
545 silly gunzTarPerm extractEntry deps/libffi/testsuite/libffi.call/nested_struct1.c
546 silly gunzTarPerm extractEntry deps/libffi/testsuite/libffi.call/nested_struct10.c
547 silly gunzTarPerm extractEntry deps/libffi/testsuite/libffi.call/nested_struct2.c
548 silly gunzTarPerm extractEntry deps/libffi/testsuite/libffi.call/nested_struct3.c
549 silly gunzTarPerm extractEntry deps/libffi/testsuite/libffi.call/nested_struct4.c
550 silly gunzTarPerm extractEntry deps/libffi/testsuite/libffi.call/nested_struct5.c
551 silly gunzTarPerm extractEntry deps/libffi/testsuite/libffi.call/nested_struct6.c
552 silly gunzTarPerm extractEntry deps/libffi/testsuite/libffi.call/nested_struct7.c
553 silly gunzTarPerm extractEntry deps/libffi/testsuite/libffi.call/nested_struct8.c
554 silly gunzTarPerm extractEntry deps/libffi/testsuite/libffi.call/nested_struct9.c
555 silly gunzTarPerm extractEntry deps/libffi/testsuite/libffi.call/problem1.c
556 silly gunzTarPerm extractEntry deps/libffi/testsuite/libffi.call/promotion.c
557 silly gunzTarPerm extractEntry deps/libffi/testsuite/libffi.call/pyobjc-tc.c
558 silly gunzTarPerm extractEntry deps/libffi/testsuite/libffi.call/return_dbl.c
559 silly gunzTarPerm extractEntry deps/libffi/testsuite/libffi.call/return_dbl1.c
560 silly gunzTarPerm extractEntry deps/libffi/testsuite/libffi.call/return_dbl2.c
561 silly gunzTarPerm extractEntry deps/libffi/testsuite/libffi.call/return_fl.c
562 silly gunzTarPerm extractEntry deps/libffi/testsuite/libffi.call/return_fl1.c
563 silly gunzTarPerm extractEntry deps/libffi/testsuite/libffi.call/return_fl2.c
564 silly gunzTarPerm extractEntry deps/libffi/testsuite/libffi.call/return_fl3.c
565 silly gunzTarPerm extractEntry deps/libffi/testsuite/libffi.call/return_ldl.c
566 silly gunzTarPerm extractEntry deps/libffi/testsuite/libffi.call/return_ll.c
567 silly gunzTarPerm extractEntry deps/libffi/testsuite/libffi.call/return_ll1.c
568 silly gunzTarPerm extractEntry deps/libffi/testsuite/libffi.call/return_sc.c
569 silly gunzTarPerm extractEntry deps/libffi/testsuite/libffi.call/return_sl.c
570 silly gunzTarPerm extractEntry deps/libffi/testsuite/libffi.call/return_uc.c
571 silly gunzTarPerm extractEntry deps/libffi/testsuite/libffi.call/return_ul.c
572 silly gunzTarPerm extractEntry deps/libffi/testsuite/libffi.call/stret_large.c
573 silly gunzTarPerm extractEntry deps/libffi/testsuite/libffi.call/stret_large2.c
574 silly gunzTarPerm extractEntry deps/libffi/testsuite/libffi.call/stret_medium.c
575 silly gunzTarPerm extractEntry deps/libffi/testsuite/libffi.call/stret_medium2.c
576 silly gunzTarPerm extractEntry deps/libffi/testsuite/libffi.call/strlen.c
577 silly gunzTarPerm extractEntry deps/libffi/testsuite/libffi.call/strlen2_win32.c
578 silly gunzTarPerm extractEntry deps/libffi/testsuite/libffi.call/strlen_win32.c
579 silly gunzTarPerm extractEntry deps/libffi/testsuite/libffi.call/struct1.c
580 silly gunzTarPerm extractEntry deps/libffi/testsuite/libffi.call/struct1_win32.c
581 silly gunzTarPerm extractEntry deps/libffi/testsuite/libffi.call/struct2.c
582 silly gunzTarPerm extractEntry deps/libffi/testsuite/libffi.call/struct2_win32.c
583 silly gunzTarPerm extractEntry deps/libffi/testsuite/libffi.call/struct3.c
584 silly gunzTarPerm extractEntry deps/libffi/testsuite/libffi.call/struct4.c
585 silly gunzTarPerm extractEntry deps/libffi/testsuite/libffi.call/struct5.c
586 silly gunzTarPerm extractEntry deps/libffi/testsuite/libffi.call/struct6.c
587 silly gunzTarPerm extractEntry deps/libffi/testsuite/libffi.call/struct7.c
588 silly gunzTarPerm extractEntry deps/libffi/testsuite/libffi.call/struct8.c
589 silly gunzTarPerm extractEntry deps/libffi/testsuite/libffi.call/struct9.c
590 silly gunzTarPerm extractEntry deps/libffi/testsuite/libffi.call/testclosure.c
591 silly gunzTarPerm extractEntry deps/libffi/testsuite/libffi.special/ffitestcxx.h
592 silly gunzTarPerm extractEntry deps/libffi/testsuite/libffi.special/special.exp
593 silly gunzTarPerm extractEntry deps/libffi/testsuite/libffi.special/unwindtest.cc
594 silly gunzTarPerm extractEntry deps/libffi/testsuite/libffi.special/unwindtest_ffi_call.cc
595 silly gunzTarPerm extractEntry deps/libffi/doc/libffi.info
596 silly gunzTarPerm extractEntry deps/libffi/doc/libffi.texi
597 silly gunzTarPerm extractEntry deps/libffi/doc/stamp-vti
598 silly gunzTarPerm extractEntry deps/libffi/doc/version.texi
599 silly gunzTarPerm extractEntry deps/pthreads-win32/README
600 silly gunzTarPerm extractEntry deps/pthreads-win32/pthread_mutex_consistent.c
601 silly gunzTarPerm extractEntry deps/pthreads-win32/Bmakefile
602 silly gunzTarPerm extractEntry deps/pthreads-win32/CONTRIBUTORS
603 silly gunzTarPerm extractEntry deps/pthreads-win32/COPYING
604 silly gunzTarPerm extractEntry deps/pthreads-win32/COPYING.LIB
605 silly gunzTarPerm extractEntry deps/pthreads-win32/ChangeLog
606 silly gunzTarPerm extractEntry deps/pthreads-win32/FAQ
607 silly gunzTarPerm extractEntry deps/pthreads-win32/GNUmakefile
608 silly gunzTarPerm extractEntry deps/pthreads-win32/MAINTAINERS
609 silly gunzTarPerm extractEntry deps/pthreads-win32/Makefile
610 silly gunzTarPerm extractEntry deps/pthreads-win32/NEWS
611 silly gunzTarPerm extractEntry deps/pthreads-win32/Nmakefile
612 silly gunzTarPerm extractEntry deps/pthreads-win32/Nmakefile.tests
613 silly gunzTarPerm extractEntry deps/pthreads-win32/PROGRESS
614 silly gunzTarPerm extractEntry deps/pthreads-win32/ANNOUNCE
615 silly gunzTarPerm extractEntry deps/pthreads-win32/README.Borland
616 silly gunzTarPerm extractEntry deps/pthreads-win32/README.CV
617 silly gunzTarPerm extractEntry deps/pthreads-win32/README.NONPORTABLE
618 silly gunzTarPerm extractEntry deps/pthreads-win32/README.Watcom
619 silly gunzTarPerm extractEntry deps/pthreads-win32/README.WinCE
620 silly gunzTarPerm extractEntry deps/pthreads-win32/TODO
621 silly gunzTarPerm extractEntry deps/pthreads-win32/WinCE-PORT
622 silly gunzTarPerm extractEntry deps/pthreads-win32/attr.c
623 silly gunzTarPerm extractEntry deps/pthreads-win32/autostatic.c
624 silly gunzTarPerm extractEntry deps/pthreads-win32/barrier.c
625 silly gunzTarPerm extractEntry deps/pthreads-win32/builddmc.bat
626 silly gunzTarPerm extractEntry deps/pthreads-win32/cancel.c
627 silly gunzTarPerm extractEntry deps/pthreads-win32/cleanup.c
628 silly gunzTarPerm extractEntry deps/pthreads-win32/condvar.c
629 silly gunzTarPerm extractEntry deps/pthreads-win32/config.h
630 silly gunzTarPerm extractEntry deps/pthreads-win32/context.h
631 silly gunzTarPerm extractEntry deps/pthreads-win32/create.c
632 silly gunzTarPerm extractEntry deps/pthreads-win32/dll.c
633 silly gunzTarPerm extractEntry deps/pthreads-win32/errno.c
634 silly gunzTarPerm extractEntry deps/pthreads-win32/exit.c
635 silly gunzTarPerm extractEntry deps/pthreads-win32/fork.c
636 silly gunzTarPerm extractEntry deps/pthreads-win32/global.c
637 silly gunzTarPerm extractEntry deps/pthreads-win32/implement.h
638 silly gunzTarPerm extractEntry deps/pthreads-win32/manual/pthread_mutexattr_init.html
639 silly gunzTarPerm extractEntry deps/pthreads-win32/manual/ChangeLog
640 silly gunzTarPerm extractEntry deps/pthreads-win32/manual/index.html
641 silly gunzTarPerm extractEntry deps/pthreads-win32/manual/pthreadCancelableWait.html
642 silly gunzTarPerm extractEntry deps/pthreads-win32/manual/pthread_attr_init.html
643 silly gunzTarPerm extractEntry deps/pthreads-win32/manual/pthread_attr_setstackaddr.html
644 silly gunzTarPerm extractEntry deps/pthreads-win32/manual/pthread_attr_setstacksize.html
645 silly gunzTarPerm extractEntry deps/pthreads-win32/manual/pthread_barrier_init.html
646 silly gunzTarPerm extractEntry deps/pthreads-win32/manual/pthread_barrier_wait.html
647 silly gunzTarPerm extractEntry deps/pthreads-win32/manual/pthread_barrierattr_init.html
648 silly gunzTarPerm extractEntry deps/pthreads-win32/manual/pthread_barrierattr_setpshared.html
649 silly gunzTarPerm extractEntry deps/pthreads-win32/manual/pthread_cancel.html
650 silly gunzTarPerm extractEntry deps/pthreads-win32/manual/pthread_cleanup_push.html
651 silly gunzTarPerm extractEntry deps/pthreads-win32/manual/pthread_cond_init.html
652 silly gunzTarPerm extractEntry deps/pthreads-win32/manual/pthread_condattr_init.html
653 silly gunzTarPerm extractEntry deps/pthreads-win32/manual/pthread_condattr_setpshared.html
654 silly gunzTarPerm extractEntry deps/pthreads-win32/manual/pthread_create.html
655 silly gunzTarPerm extractEntry deps/pthreads-win32/manual/pthread_delay_np.html
656 silly gunzTarPerm extractEntry deps/pthreads-win32/manual/pthread_detach.html
657 silly gunzTarPerm extractEntry deps/pthreads-win32/manual/pthread_equal.html
658 silly gunzTarPerm extractEntry deps/pthreads-win32/manual/pthread_exit.html
659 silly gunzTarPerm extractEntry deps/pthreads-win32/manual/pthread_getunique_np.html
660 silly gunzTarPerm extractEntry deps/pthreads-win32/manual/pthread_getw32threadhandle_np.html
661 silly gunzTarPerm extractEntry deps/pthreads-win32/manual/pthread_join.html
662 silly gunzTarPerm extractEntry deps/pthreads-win32/manual/pthread_key_create.html
663 silly gunzTarPerm extractEntry deps/pthreads-win32/manual/pthread_kill.html
664 silly gunzTarPerm extractEntry deps/pthreads-win32/manual/pthread_mutex_init.html
665 silly gunzTarPerm extractEntry deps/pthreads-win32/manual/PortabilityIssues.html
666 silly gunzTarPerm extractEntry deps/pthreads-win32/manual/pthread_mutexattr_setpshared.html
667 silly gunzTarPerm extractEntry deps/pthreads-win32/manual/pthread_num_processors_np.html
668 silly gunzTarPerm extractEntry deps/pthreads-win32/manual/pthread_once.html
669 silly gunzTarPerm extractEntry deps/pthreads-win32/manual/pthread_rwlock_init.html
670 silly gunzTarPerm extractEntry deps/pthreads-win32/manual/pthread_rwlock_rdlock.html
671 silly gunzTarPerm extractEntry deps/pthreads-win32/manual/pthread_rwlock_timedrdlock.html
672 silly gunzTarPerm extractEntry deps/pthreads-win32/manual/pthread_rwlock_timedwrlock.html
673 silly gunzTarPerm extractEntry deps/pthreads-win32/manual/pthread_rwlock_unlock.html
674 silly gunzTarPerm extractEntry deps/pthreads-win32/manual/pthread_rwlock_wrlock.html
675 silly gunzTarPerm extractEntry deps/pthreads-win32/manual/pthread_rwlockattr_init.html
676 silly gunzTarPerm extractEntry deps/pthreads-win32/manual/pthread_rwlockattr_setpshared.html
677 silly gunzTarPerm extractEntry deps/pthreads-win32/manual/pthread_self.html
678 silly gunzTarPerm extractEntry deps/pthreads-win32/manual/pthread_setcancelstate.html
679 silly gunzTarPerm extractEntry deps/pthreads-win32/manual/pthread_setcanceltype.html
680 silly gunzTarPerm extractEntry deps/pthreads-win32/manual/pthread_setconcurrency.html
681 silly gunzTarPerm extractEntry deps/pthreads-win32/manual/pthread_setschedparam.html
682 silly gunzTarPerm extractEntry deps/pthreads-win32/manual/pthread_spin_init.html
683 silly gunzTarPerm extractEntry deps/pthreads-win32/manual/pthread_spin_lock.html
684 silly gunzTarPerm extractEntry deps/pthreads-win32/manual/pthread_spin_unlock.html
685 silly gunzTarPerm extractEntry deps/pthreads-win32/manual/pthread_timechange_handler_np.html
686 silly gunzTarPerm extractEntry deps/pthreads-win32/manual/pthread_win32_attach_detach_np.html
687 silly gunzTarPerm extractEntry deps/pthreads-win32/manual/pthread_win32_test_features_np.html
688 silly gunzTarPerm extractEntry deps/pthreads-win32/manual/sched_get_priority_max.html
689 silly gunzTarPerm extractEntry deps/pthreads-win32/manual/sched_getscheduler.html
690 silly gunzTarPerm extractEntry deps/pthreads-win32/manual/sched_setscheduler.html
691 silly gunzTarPerm extractEntry deps/pthreads-win32/manual/sched_yield.html
692 silly gunzTarPerm extractEntry deps/pthreads-win32/manual/sem_init.html
693 silly gunzTarPerm extractEntry deps/pthreads-win32/misc.c
694 silly gunzTarPerm extractEntry deps/pthreads-win32/mutex.c
695 silly gunzTarPerm extractEntry deps/pthreads-win32/need_errno.h
696 silly gunzTarPerm extractEntry deps/pthreads-win32/nonportable.c
697 silly gunzTarPerm extractEntry deps/pthreads-win32/private.c
698 silly gunzTarPerm extractEntry deps/pthreads-win32/pthread.c
699 silly gunzTarPerm extractEntry deps/pthreads-win32/pthread.dsp
700 silly gunzTarPerm extractEntry deps/pthreads-win32/pthread.dsw
701 silly gunzTarPerm extractEntry deps/pthreads-win32/pthread.gyp
702 silly gunzTarPerm extractEntry deps/pthreads-win32/pthread.h
703 silly gunzTarPerm extractEntry deps/pthreads-win32/pthread_attr_destroy.c
704 silly gunzTarPerm extractEntry deps/pthreads-win32/pthread_attr_getdetachstate.c
705 silly gunzTarPerm extractEntry deps/pthreads-win32/pthread_attr_getinheritsched.c
706 silly gunzTarPerm extractEntry deps/pthreads-win32/pthread_attr_getschedparam.c
707 silly gunzTarPerm extractEntry deps/pthreads-win32/pthread_attr_getschedpolicy.c
708 silly gunzTarPerm extractEntry deps/pthreads-win32/pthread_attr_getscope.c
709 silly gunzTarPerm extractEntry deps/pthreads-win32/pthread_attr_getstackaddr.c
710 silly gunzTarPerm extractEntry deps/pthreads-win32/pthread_attr_getstacksize.c
711 silly gunzTarPerm extractEntry deps/pthreads-win32/pthread_attr_init.c
712 silly gunzTarPerm extractEntry deps/pthreads-win32/pthread_attr_setdetachstate.c
713 silly gunzTarPerm extractEntry deps/pthreads-win32/pthread_attr_setinheritsched.c
714 silly gunzTarPerm extractEntry deps/pthreads-win32/pthread_attr_setschedparam.c
715 silly gunzTarPerm extractEntry deps/pthreads-win32/pthread_attr_setschedpolicy.c
716 silly gunzTarPerm extractEntry deps/pthreads-win32/pthread_attr_setscope.c
717 silly gunzTarPerm extractEntry deps/pthreads-win32/pthread_attr_setstackaddr.c
718 silly gunzTarPerm extractEntry deps/pthreads-win32/pthread_attr_setstacksize.c
719 silly gunzTarPerm extractEntry deps/pthreads-win32/pthread_barrier_destroy.c
720 silly gunzTarPerm extractEntry deps/pthreads-win32/pthread_barrier_init.c
721 silly gunzTarPerm extractEntry deps/pthreads-win32/pthread_barrier_wait.c
722 silly gunzTarPerm extractEntry deps/pthreads-win32/pthread_barrierattr_destroy.c
723 silly gunzTarPerm extractEntry deps/pthreads-win32/pthread_barrierattr_getpshared.c
724 silly gunzTarPerm extractEntry deps/pthreads-win32/pthread_barrierattr_init.c
725 silly gunzTarPerm extractEntry deps/pthreads-win32/pthread_barrierattr_setpshared.c
726 silly gunzTarPerm extractEntry deps/pthreads-win32/pthread_cancel.c
727 silly gunzTarPerm extractEntry deps/pthreads-win32/pthread_cond_destroy.c
728 silly gunzTarPerm extractEntry deps/pthreads-win32/pthread_cond_init.c
729 silly gunzTarPerm extractEntry deps/pthreads-win32/pthread_cond_signal.c
730 silly gunzTarPerm extractEntry deps/pthreads-win32/pthread_cond_wait.c
731 silly gunzTarPerm extractEntry deps/pthreads-win32/pthread_condattr_destroy.c
732 silly gunzTarPerm extractEntry deps/pthreads-win32/pthread_condattr_getpshared.c
733 silly gunzTarPerm extractEntry deps/pthreads-win32/pthread_condattr_init.c
734 silly gunzTarPerm extractEntry deps/pthreads-win32/pthread_condattr_setpshared.c
735 silly gunzTarPerm extractEntry deps/pthreads-win32/pthread_delay_np.c
736 silly gunzTarPerm extractEntry deps/pthreads-win32/pthread_detach.c
737 silly gunzTarPerm extractEntry deps/pthreads-win32/pthread_equal.c
738 silly gunzTarPerm extractEntry deps/pthreads-win32/pthread_exit.c
739 silly gunzTarPerm extractEntry deps/pthreads-win32/pthread_getconcurrency.c
740 silly gunzTarPerm extractEntry deps/pthreads-win32/pthread_getschedparam.c
741 silly gunzTarPerm extractEntry deps/pthreads-win32/pthread_getspecific.c
742 silly gunzTarPerm extractEntry deps/pthreads-win32/pthread_getunique_np.c
743 silly gunzTarPerm extractEntry deps/pthreads-win32/pthread_getw32threadhandle_np.c
744 silly gunzTarPerm extractEntry deps/pthreads-win32/pthread_join.c
745 silly gunzTarPerm extractEntry deps/pthreads-win32/pthread_key_create.c
746 silly gunzTarPerm extractEntry deps/pthreads-win32/pthread_key_delete.c
747 silly gunzTarPerm extractEntry deps/pthreads-win32/pthread_kill.c
748 silly gunzTarPerm extractEntry deps/pthreads-win32/BUGS
749 silly gunzTarPerm extractEntry deps/pthreads-win32/pthread_mutex_destroy.c
750 silly gunzTarPerm extractEntry deps/pthreads-win32/pthread_mutex_init.c
751 silly gunzTarPerm extractEntry deps/pthreads-win32/pthread_mutex_lock.c
752 silly gunzTarPerm extractEntry deps/pthreads-win32/pthread_mutex_timedlock.c
753 silly gunzTarPerm extractEntry deps/pthreads-win32/pthread_mutex_trylock.c
754 silly gunzTarPerm extractEntry deps/pthreads-win32/pthread_mutex_unlock.c
755 silly gunzTarPerm extractEntry deps/pthreads-win32/pthread_mutexattr_destroy.c
756 silly gunzTarPerm extractEntry deps/pthreads-win32/pthread_mutexattr_getkind_np.c
757 silly gunzTarPerm extractEntry deps/pthreads-win32/pthread_mutexattr_getpshared.c
758 silly gunzTarPerm extractEntry deps/pthreads-win32/pthread_mutexattr_getrobust.c
759 silly gunzTarPerm extractEntry deps/pthreads-win32/pthread_mutexattr_gettype.c
760 silly gunzTarPerm extractEntry deps/pthreads-win32/pthread_mutexattr_init.c
761 silly gunzTarPerm extractEntry deps/pthreads-win32/pthread_mutexattr_setkind_np.c
762 silly gunzTarPerm extractEntry deps/pthreads-win32/pthread_mutexattr_setpshared.c
763 silly gunzTarPerm extractEntry deps/pthreads-win32/pthread_mutexattr_setrobust.c
764 silly gunzTarPerm extractEntry deps/pthreads-win32/pthread_mutexattr_settype.c
765 silly gunzTarPerm extractEntry deps/pthreads-win32/pthread_num_processors_np.c
766 silly gunzTarPerm extractEntry deps/pthreads-win32/pthread_once.c
767 silly gunzTarPerm extractEntry deps/pthreads-win32/pthread_rwlock_destroy.c
768 silly gunzTarPerm extractEntry deps/pthreads-win32/pthread_rwlock_init.c
769 silly gunzTarPerm extractEntry deps/pthreads-win32/pthread_rwlock_rdlock.c
770 silly gunzTarPerm extractEntry deps/pthreads-win32/pthread_rwlock_timedrdlock.c
771 silly gunzTarPerm extractEntry deps/pthreads-win32/pthread_rwlock_timedwrlock.c
772 silly gunzTarPerm extractEntry deps/pthreads-win32/pthread_rwlock_tryrdlock.c
773 silly gunzTarPerm extractEntry deps/pthreads-win32/pthread_rwlock_trywrlock.c
774 silly gunzTarPerm extractEntry deps/pthreads-win32/pthread_rwlock_unlock.c
775 silly gunzTarPerm extractEntry deps/pthreads-win32/pthread_rwlock_wrlock.c
776 silly gunzTarPerm extractEntry deps/pthreads-win32/pthread_rwlockattr_destroy.c
777 silly gunzTarPerm extractEntry deps/pthreads-win32/pthread_rwlockattr_getpshared.c
778 silly gunzTarPerm extractEntry deps/pthreads-win32/pthread_rwlockattr_init.c
779 silly gunzTarPerm extractEntry deps/pthreads-win32/pthread_rwlockattr_setpshared.c
780 silly gunzTarPerm extractEntry deps/pthreads-win32/pthread_self.c
781 silly gunzTarPerm extractEntry deps/pthreads-win32/pthread_setcancelstate.c
782 silly gunzTarPerm extractEntry deps/pthreads-win32/pthread_setcanceltype.c
783 silly gunzTarPerm extractEntry deps/pthreads-win32/pthread_setconcurrency.c
784 silly gunzTarPerm extractEntry deps/pthreads-win32/pthread_setschedparam.c
785 silly gunzTarPerm extractEntry deps/pthreads-win32/pthread_setspecific.c
786 silly gunzTarPerm extractEntry deps/pthreads-win32/pthread_spin_destroy.c
787 silly gunzTarPerm extractEntry deps/pthreads-win32/pthread_spin_init.c
788 silly gunzTarPerm extractEntry deps/pthreads-win32/pthread_spin_lock.c
789 silly gunzTarPerm extractEntry deps/pthreads-win32/pthread_spin_trylock.c
790 silly gunzTarPerm extractEntry deps/pthreads-win32/pthread_spin_unlock.c
791 silly gunzTarPerm extractEntry deps/pthreads-win32/pthread_testcancel.c
792 silly gunzTarPerm extractEntry deps/pthreads-win32/pthread_timechange_handler_np.c
793 silly gunzTarPerm extractEntry deps/pthreads-win32/pthread_win32_attach_detach_np.c
794 silly gunzTarPerm extractEntry deps/pthreads-win32/ptw32_MCS_lock.c
795 silly gunzTarPerm extractEntry deps/pthreads-win32/ptw32_callUserDestroyRoutines.c
796 silly gunzTarPerm extractEntry deps/pthreads-win32/ptw32_calloc.c
797 silly gunzTarPerm extractEntry deps/pthreads-win32/ptw32_cond_check_need_init.c
798 silly gunzTarPerm extractEntry deps/pthreads-win32/ptw32_getprocessors.c
799 silly gunzTarPerm extractEntry deps/pthreads-win32/ptw32_is_attr.c
800 silly gunzTarPerm extractEntry deps/pthreads-win32/ptw32_mutex_check_need_init.c
801 silly gunzTarPerm extractEntry deps/pthreads-win32/ptw32_new.c
802 silly gunzTarPerm extractEntry deps/pthreads-win32/ptw32_processInitialize.c
803 silly gunzTarPerm extractEntry deps/pthreads-win32/ptw32_processTerminate.c
804 silly gunzTarPerm extractEntry deps/pthreads-win32/ptw32_relmillisecs.c
805 silly gunzTarPerm extractEntry deps/pthreads-win32/ptw32_reuse.c
806 silly gunzTarPerm extractEntry deps/pthreads-win32/ptw32_rwlock_cancelwrwait.c
807 silly gunzTarPerm extractEntry deps/pthreads-win32/ptw32_rwlock_check_need_init.c
808 silly gunzTarPerm extractEntry deps/pthreads-win32/ptw32_semwait.c
809 silly gunzTarPerm extractEntry deps/pthreads-win32/ptw32_spinlock_check_need_init.c
810 silly gunzTarPerm extractEntry deps/pthreads-win32/ptw32_threadDestroy.c
811 silly gunzTarPerm extractEntry deps/pthreads-win32/ptw32_threadStart.c
812 silly gunzTarPerm extractEntry deps/pthreads-win32/ptw32_throw.c
813 silly gunzTarPerm extractEntry deps/pthreads-win32/ptw32_timespec.c
814 silly gunzTarPerm extractEntry deps/pthreads-win32/ptw32_tkAssocCreate.c
815 silly gunzTarPerm extractEntry deps/pthreads-win32/ptw32_tkAssocDestroy.c
816 silly gunzTarPerm extractEntry deps/pthreads-win32/rwlock.c
817 silly gunzTarPerm extractEntry deps/pthreads-win32/sched.c
818 silly gunzTarPerm extractEntry deps/pthreads-win32/sched.h
819 silly gunzTarPerm extractEntry deps/pthreads-win32/sched_get_priority_max.c
820 silly gunzTarPerm extractEntry deps/pthreads-win32/sched_get_priority_min.c
821 silly gunzTarPerm extractEntry deps/pthreads-win32/sched_getscheduler.c
822 silly gunzTarPerm extractEntry deps/pthreads-win32/sched_setscheduler.c
823 silly gunzTarPerm extractEntry deps/pthreads-win32/sched_yield.c
824 silly gunzTarPerm extractEntry deps/pthreads-win32/sem_close.c
825 silly gunzTarPerm extractEntry deps/pthreads-win32/sem_destroy.c
826 silly gunzTarPerm extractEntry deps/pthreads-win32/sem_getvalue.c
827 silly gunzTarPerm extractEntry deps/pthreads-win32/sem_init.c
828 silly gunzTarPerm extractEntry deps/pthreads-win32/sem_open.c
829 silly gunzTarPerm extractEntry deps/pthreads-win32/sem_post.c
830 silly gunzTarPerm extractEntry deps/pthreads-win32/sem_post_multiple.c
831 silly gunzTarPerm extractEntry deps/pthreads-win32/sem_timedwait.c
832 silly gunzTarPerm extractEntry deps/pthreads-win32/sem_trywait.c
833 silly gunzTarPerm extractEntry deps/pthreads-win32/sem_unlink.c
834 silly gunzTarPerm extractEntry deps/pthreads-win32/sem_wait.c
835 silly gunzTarPerm extractEntry deps/pthreads-win32/semaphore.c
836 silly gunzTarPerm extractEntry deps/pthreads-win32/semaphore.h
837 silly gunzTarPerm extractEntry deps/pthreads-win32/signal.c
838 silly gunzTarPerm extractEntry deps/pthreads-win32/spin.c
839 silly gunzTarPerm extractEntry deps/pthreads-win32/sync.c
840 silly gunzTarPerm extractEntry deps/pthreads-win32/tests/README
841 silly gunzTarPerm extractEntry deps/pthreads-win32/tests/kill1.c
842 silly gunzTarPerm extractEntry deps/pthreads-win32/tests/Debug.dsp
843 silly gunzTarPerm extractEntry deps/pthreads-win32/tests/Debug.dsw
844 silly gunzTarPerm extractEntry deps/pthreads-win32/tests/Debug.plg
845 silly gunzTarPerm extractEntry deps/pthreads-win32/tests/Debug.txt
846 silly gunzTarPerm extractEntry deps/pthreads-win32/tests/GNUmakefile
847 silly gunzTarPerm extractEntry deps/pthreads-win32/tests/Bmakefile
848 silly gunzTarPerm extractEntry deps/pthreads-win32/tests/README.BENCHTESTS
849 silly gunzTarPerm extractEntry deps/pthreads-win32/tests/SIZES.GC
850 silly gunzTarPerm extractEntry deps/pthreads-win32/tests/SIZES.GCE
851 silly gunzTarPerm extractEntry deps/pthreads-win32/tests/SIZES.VC
852 silly gunzTarPerm extractEntry deps/pthreads-win32/tests/SIZES.VCE
853 silly gunzTarPerm extractEntry deps/pthreads-win32/tests/SIZES.VSE
854 silly gunzTarPerm extractEntry deps/pthreads-win32/tests/Wmakefile
855 silly gunzTarPerm extractEntry deps/pthreads-win32/tests/barrier1.c
856 silly gunzTarPerm extractEntry deps/pthreads-win32/tests/barrier2.c
857 silly gunzTarPerm extractEntry deps/pthreads-win32/tests/barrier3.c
858 silly gunzTarPerm extractEntry deps/pthreads-win32/tests/barrier4.c
859 silly gunzTarPerm extractEntry deps/pthreads-win32/tests/barrier5.c
860 silly gunzTarPerm extractEntry deps/pthreads-win32/tests/barrier6.c
861 silly gunzTarPerm extractEntry deps/pthreads-win32/tests/benchlib.c
862 silly gunzTarPerm extractEntry deps/pthreads-win32/tests/benchtest.h
863 silly gunzTarPerm extractEntry deps/pthreads-win32/tests/benchtest1.c
864 silly gunzTarPerm extractEntry deps/pthreads-win32/tests/benchtest2.c
865 silly gunzTarPerm extractEntry deps/pthreads-win32/tests/benchtest3.c
866 silly gunzTarPerm extractEntry deps/pthreads-win32/tests/benchtest4.c
867 silly gunzTarPerm extractEntry deps/pthreads-win32/tests/benchtest5.c
868 silly gunzTarPerm extractEntry deps/pthreads-win32/tests/cancel1.c
869 silly gunzTarPerm extractEntry deps/pthreads-win32/tests/cancel2.c
870 silly gunzTarPerm extractEntry deps/pthreads-win32/tests/cancel3.c
871 silly gunzTarPerm extractEntry deps/pthreads-win32/tests/cancel4.c
872 silly gunzTarPerm extractEntry deps/pthreads-win32/tests/cancel5.c
873 silly gunzTarPerm extractEntry deps/pthreads-win32/tests/cancel6a.c
874 silly gunzTarPerm extractEntry deps/pthreads-win32/tests/cancel6d.c
875 silly gunzTarPerm extractEntry deps/pthreads-win32/tests/cancel7.c
876 silly gunzTarPerm extractEntry deps/pthreads-win32/tests/cancel8.c
877 silly gunzTarPerm extractEntry deps/pthreads-win32/tests/cancel9.c
878 silly gunzTarPerm extractEntry deps/pthreads-win32/tests/cleanup0.c
879 silly gunzTarPerm extractEntry deps/pthreads-win32/tests/cleanup1.c
880 silly gunzTarPerm extractEntry deps/pthreads-win32/tests/cleanup2.c
881 silly gunzTarPerm extractEntry deps/pthreads-win32/tests/cleanup3.c
882 silly gunzTarPerm extractEntry deps/pthreads-win32/tests/condvar1.c
883 silly gunzTarPerm extractEntry deps/pthreads-win32/tests/condvar1_1.c
884 silly gunzTarPerm extractEntry deps/pthreads-win32/tests/condvar1_2.c
885 silly gunzTarPerm extractEntry deps/pthreads-win32/tests/condvar2.c
886 silly gunzTarPerm extractEntry deps/pthreads-win32/tests/condvar2_1.c
887 silly gunzTarPerm extractEntry deps/pthreads-win32/tests/condvar3.c
888 silly gunzTarPerm extractEntry deps/pthreads-win32/tests/condvar3_1.c
889 silly gunzTarPerm extractEntry deps/pthreads-win32/tests/condvar3_2.c
890 silly gunzTarPerm extractEntry deps/pthreads-win32/tests/condvar3_3.c
891 silly gunzTarPerm extractEntry deps/pthreads-win32/tests/condvar4.c
892 silly gunzTarPerm extractEntry deps/pthreads-win32/tests/condvar5.c
893 silly gunzTarPerm extractEntry deps/pthreads-win32/tests/condvar6.c
894 silly gunzTarPerm extractEntry deps/pthreads-win32/tests/condvar7.c
895 silly gunzTarPerm extractEntry deps/pthreads-win32/tests/condvar8.c
896 silly gunzTarPerm extractEntry deps/pthreads-win32/tests/condvar9.c
897 silly gunzTarPerm extractEntry deps/pthreads-win32/tests/context1.c
898 silly gunzTarPerm extractEntry deps/pthreads-win32/tests/count1.c
899 silly gunzTarPerm extractEntry deps/pthreads-win32/tests/create1.c
900 silly gunzTarPerm extractEntry deps/pthreads-win32/tests/create2.c
901 silly gunzTarPerm extractEntry deps/pthreads-win32/tests/delay1.c
902 silly gunzTarPerm extractEntry deps/pthreads-win32/tests/delay2.c
903 silly gunzTarPerm extractEntry deps/pthreads-win32/tests/detach1.c
904 silly gunzTarPerm extractEntry deps/pthreads-win32/tests/equal1.c
905 silly gunzTarPerm extractEntry deps/pthreads-win32/tests/errno1.c
906 silly gunzTarPerm extractEntry deps/pthreads-win32/tests/exception1.c
907 silly gunzTarPerm extractEntry deps/pthreads-win32/tests/exception2.c
908 silly gunzTarPerm extractEntry deps/pthreads-win32/tests/exception3.c
909 silly gunzTarPerm extractEntry deps/pthreads-win32/tests/exit1.c
910 silly gunzTarPerm extractEntry deps/pthreads-win32/tests/exit2.c
911 silly gunzTarPerm extractEntry deps/pthreads-win32/tests/exit3.c
912 silly gunzTarPerm extractEntry deps/pthreads-win32/tests/exit4.c
913 silly gunzTarPerm extractEntry deps/pthreads-win32/tests/exit5.c
914 silly gunzTarPerm extractEntry deps/pthreads-win32/tests/eyal1.c
915 silly gunzTarPerm extractEntry deps/pthreads-win32/tests/inherit1.c
916 silly gunzTarPerm extractEntry deps/pthreads-win32/tests/join0.c
917 silly gunzTarPerm extractEntry deps/pthreads-win32/tests/join1.c
918 silly gunzTarPerm extractEntry deps/pthreads-win32/tests/join2.c
919 silly gunzTarPerm extractEntry deps/pthreads-win32/tests/join3.c
920 silly gunzTarPerm extractEntry deps/pthreads-win32/tests/ChangeLog
921 silly gunzTarPerm extractEntry deps/pthreads-win32/tests/loadfree.c
922 silly gunzTarPerm extractEntry deps/pthreads-win32/tests/mutex1.c
923 silly gunzTarPerm extractEntry deps/pthreads-win32/tests/mutex1e.c
924 silly gunzTarPerm extractEntry deps/pthreads-win32/tests/mutex1n.c
925 silly gunzTarPerm extractEntry deps/pthreads-win32/tests/mutex1r.c
926 silly gunzTarPerm extractEntry deps/pthreads-win32/tests/mutex2.c
927 silly gunzTarPerm extractEntry deps/pthreads-win32/tests/mutex2e.c
928 silly gunzTarPerm extractEntry deps/pthreads-win32/tests/mutex2r.c
929 silly gunzTarPerm extractEntry deps/pthreads-win32/tests/mutex3.c
930 silly gunzTarPerm extractEntry deps/pthreads-win32/tests/mutex3e.c
931 silly gunzTarPerm extractEntry deps/pthreads-win32/tests/mutex3r.c
932 silly gunzTarPerm extractEntry deps/pthreads-win32/tests/mutex4.c
933 silly gunzTarPerm extractEntry deps/pthreads-win32/tests/mutex5.c
934 silly gunzTarPerm extractEntry deps/pthreads-win32/tests/mutex6.c
935 silly gunzTarPerm extractEntry deps/pthreads-win32/tests/mutex6e.c
936 silly gunzTarPerm extractEntry deps/pthreads-win32/tests/mutex6es.c
937 silly gunzTarPerm extractEntry deps/pthreads-win32/tests/mutex6n.c
938 silly gunzTarPerm extractEntry deps/pthreads-win32/tests/mutex6r.c
939 silly gunzTarPerm extractEntry deps/pthreads-win32/tests/mutex6rs.c
940 silly gunzTarPerm extractEntry deps/pthreads-win32/tests/mutex6s.c
941 silly gunzTarPerm extractEntry deps/pthreads-win32/tests/mutex7.c
942 silly gunzTarPerm extractEntry deps/pthreads-win32/tests/mutex7e.c
943 silly gunzTarPerm extractEntry deps/pthreads-win32/tests/mutex7n.c
944 silly gunzTarPerm extractEntry deps/pthreads-win32/tests/mutex7r.c
945 silly gunzTarPerm extractEntry deps/pthreads-win32/tests/mutex8.c
946 silly gunzTarPerm extractEntry deps/pthreads-win32/tests/mutex8e.c
947 silly gunzTarPerm extractEntry deps/pthreads-win32/tests/mutex8n.c
948 silly gunzTarPerm extractEntry deps/pthreads-win32/tests/mutex8r.c
949 silly gunzTarPerm extractEntry deps/pthreads-win32/tests/once1.c
950 silly gunzTarPerm extractEntry deps/pthreads-win32/tests/once2.c
951 silly gunzTarPerm extractEntry deps/pthreads-win32/tests/once3.c
952 silly gunzTarPerm extractEntry deps/pthreads-win32/tests/once4.c
953 silly gunzTarPerm extractEntry deps/pthreads-win32/tests/openmp1.c
954 silly gunzTarPerm extractEntry deps/pthreads-win32/tests/priority1.c
955 silly gunzTarPerm extractEntry deps/pthreads-win32/tests/priority2.c
956 silly gunzTarPerm extractEntry deps/pthreads-win32/tests/reuse1.c
957 silly gunzTarPerm extractEntry deps/pthreads-win32/tests/reuse2.c
958 silly gunzTarPerm extractEntry deps/pthreads-win32/tests/robust1.c
959 silly gunzTarPerm extractEntry deps/pthreads-win32/tests/robust2.c
960 silly gunzTarPerm extractEntry deps/pthreads-win32/tests/robust3.c
961 silly gunzTarPerm extractEntry deps/pthreads-win32/tests/robust4.c
962 silly gunzTarPerm extractEntry deps/pthreads-win32/tests/robust5.c
963 silly gunzTarPerm extractEntry deps/pthreads-win32/tests/rwlock1.c
964 silly gunzTarPerm extractEntry deps/pthreads-win32/tests/rwlock2.c
965 silly gunzTarPerm extractEntry deps/pthreads-win32/tests/rwlock2_t.c
966 silly gunzTarPerm extractEntry deps/pthreads-win32/tests/rwlock3.c
967 silly gunzTarPerm extractEntry deps/pthreads-win32/tests/rwlock3_t.c
968 silly gunzTarPerm extractEntry deps/pthreads-win32/tests/rwlock4.c
969 silly gunzTarPerm extractEntry deps/pthreads-win32/tests/rwlock4_t.c
970 silly gunzTarPerm extractEntry deps/pthreads-win32/tests/rwlock5.c
971 silly gunzTarPerm extractEntry deps/pthreads-win32/tests/rwlock5_t.c
972 silly gunzTarPerm extractEntry deps/pthreads-win32/tests/rwlock6.c
973 silly gunzTarPerm extractEntry deps/pthreads-win32/tests/rwlock6_t.c
974 info pty.js@0.2.2 Failed to exec install script
975 verbose node_modules/gitty/node_modules/pty.js unbuild
976 info preuninstall pty.js@0.2.2
977 info uninstall pty.js@0.2.2
978 silly gunzTarPerm extractEntry deps/pthreads-win32/tests/rwlock6_t2.c
979 silly gunzTarPerm extractEntry deps/pthreads-win32/tests/rwlock7.c
980 verbose false,/Users/alpha/Desktop/website/node-util/node_modules,/Users/alpha/Desktop/website/node-util/node_modules/gitty/node_modules unbuild pty.js@0.2.2
981 info postuninstall pty.js@0.2.2
982 silly gunzTarPerm extractEntry deps/pthreads-win32/tests/rwlock8.c
983 silly gunzTarPerm extractEntry deps/pthreads-win32/tests/self1.c
984 silly gunzTarPerm extractEntry deps/pthreads-win32/tests/self2.c
985 silly gunzTarPerm extractEntry deps/pthreads-win32/tests/semaphore1.c
986 silly gunzTarPerm extractEntry deps/pthreads-win32/tests/semaphore2.c
987 silly gunzTarPerm extractEntry deps/pthreads-win32/tests/semaphore3.c
988 silly gunzTarPerm extractEntry deps/pthreads-win32/tests/semaphore4.c
989 silly gunzTarPerm extractEntry deps/pthreads-win32/tests/semaphore4t.c
990 silly gunzTarPerm extractEntry deps/pthreads-win32/tests/semaphore5.c
991 silly gunzTarPerm extractEntry deps/pthreads-win32/tests/sequence1.c
992 silly gunzTarPerm extractEntry deps/pthreads-win32/tests/sizes.c
993 silly gunzTarPerm extractEntry deps/pthreads-win32/tests/spin1.c
994 silly gunzTarPerm extractEntry deps/pthreads-win32/tests/spin2.c
995 silly gunzTarPerm extractEntry deps/pthreads-win32/tests/spin3.c
996 silly gunzTarPerm extractEntry deps/pthreads-win32/tests/spin4.c
997 silly gunzTarPerm extractEntry deps/pthreads-win32/tests/stress1.c
998 silly gunzTarPerm extractEntry deps/pthreads-win32/tests/test.h
999 silly gunzTarPerm extractEntry deps/pthreads-win32/tests/tryentercs.c
1000 silly gunzTarPerm extractEntry deps/pthreads-win32/tests/tryentercs2.c
1001 silly gunzTarPerm extractEntry deps/pthreads-win32/tests/tsd1.c
1002 silly gunzTarPerm extractEntry deps/pthreads-win32/tests/tsd2.c
1003 silly gunzTarPerm extractEntry deps/pthreads-win32/tests/valid1.c
1004 silly gunzTarPerm extractEntry deps/pthreads-win32/tests/valid2.c
1005 silly gunzTarPerm extractEntry deps/pthreads-win32/tsd.c
1006 silly gunzTarPerm extractEntry deps/pthreads-win32/version.rc
1007 silly gunzTarPerm extractEntry deps/pthreads-win32/w32_CancelableWait.c
1008 verbose about to build /Users/alpha/Desktop/website/node-util/node_modules/gitty
1009 verbose node_modules/gitty unbuild
1010 info preuninstall gitty@2.1.2
1011 info uninstall gitty@2.1.2
1012 verbose true,/Users/alpha/Desktop/website/node-util/node_modules,/Users/alpha/Desktop/website/node-util/node_modules unbuild gitty@2.1.2
1013 info postuninstall gitty@2.1.2
1014 error error rolling back Error: ENOTEMPTY, rmdir '/Users/alpha/Desktop/website/node-util/node_modules/gitty/node_modules/execSync/node_modules/ffi/deps/libffi/testsuite'
1014 error error rolling back  gitty@2.1.2 { [Error: ENOTEMPTY, rmdir '/Users/alpha/Desktop/website/node-util/node_modules/gitty/node_modules/execSync/node_modules/ffi/deps/libffi/testsuite']
1014 error error rolling back   errno: 53,
1014 error error rolling back   code: 'ENOTEMPTY',
1014 error error rolling back   path: '/Users/alpha/Desktop/website/node-util/node_modules/gitty/node_modules/execSync/node_modules/ffi/deps/libffi/testsuite' }
1015 error pty.js@0.2.2 install: `node-gyp rebuild`
1015 error Exit status 1
1016 error Failed at the pty.js@0.2.2 install script.
1016 error This is most likely a problem with the pty.js package,
1016 error not with npm itself.
1016 error Tell the author that this fails on your system:
1016 error     node-gyp rebuild
1016 error You can get their info via:
1016 error     npm owner ls pty.js
1016 error There is likely additional logging output above.
1017 error System Darwin 13.3.0
1018 error command "node" "/usr/local/bin/npm" "install" "gitty"
1019 error cwd /Users/alpha/Desktop/website/node-util
1020 error node -v v0.10.29
1021 error npm -v 1.4.21
1022 error code ELIFECYCLE
1023 verbose exit [ 1, true ]
